<?xml version="1.0" encoding="UTF-8"?>
<testsuite xmlns:xsi="http://www.w3.org/2001/XMLSchema-instance" xsi:noNamespaceSchemaLocation="https://maven.apache.org/surefire/maven-surefire-plugin/xsd/surefire-test-report.xsd" version="3.0.2" name="com.example.registrationmodule.controller.AdminControllerIntegrationTests" time="74.728" tests="18" errors="0" skipped="0" failures="0">
  <properties>
[...]
</properties>
  <testcase name="testGetAdminById_AdminNotFound_ShouldReturnNotFound" classname="com.example.registrationmodule.controller.AdminControllerIntegrationTests" time="1.421">
    <system-out><![CDATA[02:12:57.359 [main] INFO org.springframework.test.context.support.AnnotationConfigContextLoaderUtils -- Could not detect default configuration classes for test class [com.example.registrationmodule.controller.AdminControllerIntegrationTests]: AdminControllerIntegrationTests does not declare any static, non-private, non-final, nested classes annotated with @Configuration.
02:12:57.506 [main] INFO org.springframework.boot.test.context.SpringBootTestContextBootstrapper -- Found @SpringBootConfiguration com.example.registrationmodule.RegistrationModuleApplication for test class com.example.registrationmodule.controller.AdminControllerIntegrationTests
02:12:57.653 [main] INFO org.springframework.boot.devtools.restart.RestartApplicationListener -- Restart disabled due to context in which it is running

  .   ____          _            __ _ _
 /\\ / ___'_ __ _ _(_)_ __  __ _ \ \ \ \
( ( )\___ | '_ | '_| | '_ \/ _` | \ \ \ \
 \\/  ___)| |_)| | | | | || (_| |  ) ) ) )
  '  |____| .__|_| |_|_| |_\__, | / / / /
 =========|_|==============|___/=/_/_/_/

 :: Spring Boot ::                (v3.4.3)

2025-06-13T02:12:57.924+03:00  INFO 28032 --- [RegistrationModule] [           main] c.e.r.c.AdminControllerIntegrationTests  : Starting AdminControllerIntegrationTests using Java 21.0.1 with PID 28032 (started by AliveTube in C:\Users\AliveTube\Documents\Projects CS50\Petzania\PetZania\Back-End\RegistrationModule)
2025-06-13T02:12:57.926+03:00  INFO 28032 --- [RegistrationModule] [           main] c.e.r.c.AdminControllerIntegrationTests  : No active profile set, falling back to 1 default profile: "default"
2025-06-13T02:12:58.829+03:00  INFO 28032 --- [RegistrationModule] [           main] .s.d.r.c.RepositoryConfigurationDelegate : Multiple Spring Data modules found, entering strict repository configuration mode
2025-06-13T02:12:58.830+03:00  INFO 28032 --- [RegistrationModule] [           main] .s.d.r.c.RepositoryConfigurationDelegate : Bootstrapping Spring Data JPA repositories in DEFAULT mode.
2025-06-13T02:12:58.995+03:00  INFO 28032 --- [RegistrationModule] [           main] .s.d.r.c.RepositoryConfigurationDelegate : Finished Spring Data repository scanning in 155 ms. Found 5 JPA repository interfaces.
2025-06-13T02:12:59.017+03:00  INFO 28032 --- [RegistrationModule] [           main] .s.d.r.c.RepositoryConfigurationDelegate : Multiple Spring Data modules found, entering strict repository configuration mode
2025-06-13T02:12:59.018+03:00  INFO 28032 --- [RegistrationModule] [           main] .s.d.r.c.RepositoryConfigurationDelegate : Bootstrapping Spring Data Redis repositories in DEFAULT mode.
2025-06-13T02:12:59.041+03:00  INFO 28032 --- [RegistrationModule] [           main] .RepositoryConfigurationExtensionSupport : Spring Data Redis - Could not safely identify store assignment for repository candidate interface com.example.registrationmodule.repository.AdminRepository; If you want this repository to be a Redis repository, consider annotating your entities with one of these annotations: org.springframework.data.redis.core.RedisHash (preferred), or consider extending one of the following types with your repository: org.springframework.data.keyvalue.repository.KeyValueRepository
2025-06-13T02:12:59.041+03:00  INFO 28032 --- [RegistrationModule] [           main] .RepositoryConfigurationExtensionSupport : Spring Data Redis - Could not safely identify store assignment for repository candidate interface com.example.registrationmodule.repository.MediaRepository; If you want this repository to be a Redis repository, consider annotating your entities with one of these annotations: org.springframework.data.redis.core.RedisHash (preferred), or consider extending one of the following types with your repository: org.springframework.data.keyvalue.repository.KeyValueRepository
2025-06-13T02:12:59.041+03:00  INFO 28032 --- [RegistrationModule] [           main] .RepositoryConfigurationExtensionSupport : Spring Data Redis - Could not safely identify store assignment for repository candidate interface com.example.registrationmodule.repository.PetRepository; If you want this repository to be a Redis repository, consider annotating your entities with one of these annotations: org.springframework.data.redis.core.RedisHash (preferred), or consider extending one of the following types with your repository: org.springframework.data.keyvalue.repository.KeyValueRepository
2025-06-13T02:12:59.041+03:00  INFO 28032 --- [RegistrationModule] [           main] .RepositoryConfigurationExtensionSupport : Spring Data Redis - Could not safely identify store assignment for repository candidate interface com.example.registrationmodule.repository.RevokedRefreshTokenRepository; If you want this repository to be a Redis repository, consider annotating your entities with one of these annotations: org.springframework.data.redis.core.RedisHash (preferred), or consider extending one of the following types with your repository: org.springframework.data.keyvalue.repository.KeyValueRepository
2025-06-13T02:12:59.041+03:00  INFO 28032 --- [RegistrationModule] [           main] .RepositoryConfigurationExtensionSupport : Spring Data Redis - Could not safely identify store assignment for repository candidate interface com.example.registrationmodule.repository.UserRepository; If you want this repository to be a Redis repository, consider annotating your entities with one of these annotations: org.springframework.data.redis.core.RedisHash (preferred), or consider extending one of the following types with your repository: org.springframework.data.keyvalue.repository.KeyValueRepository
2025-06-13T02:12:59.042+03:00  INFO 28032 --- [RegistrationModule] [           main] .s.d.r.c.RepositoryConfigurationDelegate : Finished Spring Data repository scanning in 11 ms. Found 0 Redis repository interfaces.
2025-06-13T02:12:59.911+03:00  INFO 28032 --- [RegistrationModule] [           main] o.hibernate.jpa.internal.util.LogHelper  : HHH000204: Processing PersistenceUnitInfo [name: default]
2025-06-13T02:12:59.981+03:00  INFO 28032 --- [RegistrationModule] [           main] org.hibernate.Version                    : HHH000412: Hibernate ORM core version 6.6.8.Final
2025-06-13T02:13:00.018+03:00  INFO 28032 --- [RegistrationModule] [           main] o.h.c.internal.RegionFactoryInitiator    : HHH000026: Second-level cache disabled
2025-06-13T02:13:00.260+03:00  INFO 28032 --- [RegistrationModule] [           main] o.s.o.j.p.SpringPersistenceUnitInfo      : No LoadTimeWeaver setup: ignoring JPA class transformer
2025-06-13T02:13:00.286+03:00  INFO 28032 --- [RegistrationModule] [           main] com.zaxxer.hikari.HikariDataSource       : HikariPool-1 - Starting...
2025-06-13T02:13:00.464+03:00  INFO 28032 --- [RegistrationModule] [           main] com.zaxxer.hikari.pool.HikariPool        : HikariPool-1 - Added connection conn0: url=jdbc:h2:mem:testdb user=SA
2025-06-13T02:13:00.465+03:00  INFO 28032 --- [RegistrationModule] [           main] com.zaxxer.hikari.HikariDataSource       : HikariPool-1 - Start completed.
2025-06-13T02:13:00.490+03:00  WARN 28032 --- [RegistrationModule] [           main] org.hibernate.orm.deprecation            : HHH90000025: H2Dialect does not need to be specified explicitly using 'hibernate.dialect' (remove the property setting and it will be selected by default)
2025-06-13T02:13:00.506+03:00  INFO 28032 --- [RegistrationModule] [           main] org.hibernate.orm.connections.pooling    : HHH10001005: Database info:
	Database JDBC URL [Connecting through datasource 'HikariDataSource (HikariPool-1)']
	Database driver: undefined/unknown
	Database version: 2.3.232
	Autocommit mode: undefined/unknown
	Isolation level: undefined/unknown
	Minimum pool size: undefined/unknown
	Maximum pool size: undefined/unknown
2025-06-13T02:13:01.289+03:00  INFO 28032 --- [RegistrationModule] [           main] o.h.e.t.j.p.i.JtaPlatformInitiator       : HHH000489: No JTA platform available (set 'hibernate.transaction.jta.platform' to enable JTA platform integration)
2025-06-13T02:13:01.352+03:00  INFO 28032 --- [RegistrationModule] [           main] j.LocalContainerEntityManagerFactoryBean : Initialized JPA EntityManagerFactory for persistence unit 'default'
2025-06-13T02:13:02.401+03:00  INFO 28032 --- [RegistrationModule] [           main] eAuthenticationProviderManagerConfigurer : Global AuthenticationManager configured with AuthenticationProvider bean with name authenticationProvider
2025-06-13T02:13:02.401+03:00  WARN 28032 --- [RegistrationModule] [           main] r$InitializeUserDetailsManagerConfigurer : Global AuthenticationManager configured with an AuthenticationProvider bean. UserDetailsService beans will not be used by Spring Security for automatically configuring username/password login. Consider removing the AuthenticationProvider bean. Alternatively, consider using the UserDetailsService in a manually instantiated DaoAuthenticationProvider. If the current configuration is intentional, to turn off this warning, increase the logging level of 'org.springframework.security.config.annotation.authentication.configuration.InitializeUserDetailsBeanManagerConfigurer' to ERROR
2025-06-13T02:13:03.262+03:00  WARN 28032 --- [RegistrationModule] [           main] JpaBaseConfiguration$JpaWebConfiguration : spring.jpa.open-in-view is enabled by default. Therefore, database queries may be performed during view rendering. Explicitly configure spring.jpa.open-in-view to disable this warning
2025-06-13T02:13:04.461+03:00  INFO 28032 --- [RegistrationModule] [           main] o.s.b.a.h2.H2ConsoleAutoConfiguration    : H2 console available at '/h2-console'. Database available at 'jdbc:h2:mem:testdb'
2025-06-13T02:13:04.576+03:00  INFO 28032 --- [RegistrationModule] [           main] o.s.b.t.m.w.SpringBootMockServletContext : Initializing Spring TestDispatcherServlet ''
2025-06-13T02:13:04.577+03:00  INFO 28032 --- [RegistrationModule] [           main] o.s.t.web.servlet.TestDispatcherServlet  : Initializing Servlet ''
2025-06-13T02:13:04.577+03:00  INFO 28032 --- [RegistrationModule] [           main] o.s.t.web.servlet.TestDispatcherServlet  : Completed initialization in 0 ms
2025-06-13T02:13:04.620+03:00  INFO 28032 --- [RegistrationModule] [           main] c.e.r.c.AdminControllerIntegrationTests  : Started AdminControllerIntegrationTests in 6.977 seconds (process running for 7.879)
this is the admin details admin
2025-06-13T02:13:07.403+03:00  INFO 28032 --- [RegistrationModule] [           main] j.LocalContainerEntityManagerFactoryBean : Closing JPA EntityManagerFactory for persistence unit 'default'
2025-06-13T02:13:07.404+03:00  INFO 28032 --- [RegistrationModule] [           main] com.zaxxer.hikari.HikariDataSource       : HikariPool-1 - Shutdown initiated...
2025-06-13T02:13:07.405+03:00  INFO 28032 --- [RegistrationModule] [           main] com.zaxxer.hikari.HikariDataSource       : HikariPool-1 - Shutdown completed.
]]></system-out>
    <system-err><![CDATA[Mockito is currently self-attaching to enable the inline-mock-maker. This will no longer work in future releases of the JDK. Please add Mockito as an agent to your build what is described in Mockito's documentation: https://javadoc.io/doc/org.mockito/mockito-core/latest/org/mockito/Mockito.html#0.3
WARNING: A Java agent has been loaded dynamically (C:\Users\AliveTube\.m2\repository\net\bytebuddy\byte-buddy-agent\1.15.11\byte-buddy-agent-1.15.11.jar)
WARNING: If a serviceability tool is in use, please run with -XX:+EnableDynamicAgentLoading to hide this warning
WARNING: If a serviceability tool is not in use, please run with -Djdk.instrument.traceUsage for more information
WARNING: Dynamic loading of agents will be disallowed by default in a future release
]]></system-err>
  </testcase>
  <testcase name="testDeleteAdminById_AsRegularAdmin_ShouldReturnForbidden" classname="com.example.registrationmodule.controller.AdminControllerIntegrationTests" time="1.22">
    <system-out><![CDATA[2025-06-13T02:13:07.412+03:00  INFO 28032 --- [RegistrationModule] [           main] o.s.b.d.r.RestartApplicationListener     : Restart disabled due to context in which it is running

  .   ____          _            __ _ _
 /\\ / ___'_ __ _ _(_)_ __  __ _ \ \ \ \
( ( )\___ | '_ | '_| | '_ \/ _` | \ \ \ \
 \\/  ___)| |_)| | | | | || (_| |  ) ) ) )
  '  |____| .__|_| |_|_| |_\__, | / / / /
 =========|_|==============|___/=/_/_/_/

 :: Spring Boot ::                (v3.4.3)

2025-06-13T02:13:07.438+03:00  INFO 28032 --- [RegistrationModule] [           main] c.e.r.c.AdminControllerIntegrationTests  : Starting AdminControllerIntegrationTests using Java 21.0.1 with PID 28032 (started by AliveTube in C:\Users\AliveTube\Documents\Projects CS50\Petzania\PetZania\Back-End\RegistrationModule)
2025-06-13T02:13:07.438+03:00  INFO 28032 --- [RegistrationModule] [           main] c.e.r.c.AdminControllerIntegrationTests  : No active profile set, falling back to 1 default profile: "default"
2025-06-13T02:13:07.673+03:00  INFO 28032 --- [RegistrationModule] [           main] .s.d.r.c.RepositoryConfigurationDelegate : Multiple Spring Data modules found, entering strict repository configuration mode
2025-06-13T02:13:07.673+03:00  INFO 28032 --- [RegistrationModule] [           main] .s.d.r.c.RepositoryConfigurationDelegate : Bootstrapping Spring Data JPA repositories in DEFAULT mode.
2025-06-13T02:13:07.693+03:00  INFO 28032 --- [RegistrationModule] [           main] .s.d.r.c.RepositoryConfigurationDelegate : Finished Spring Data repository scanning in 18 ms. Found 5 JPA repository interfaces.
2025-06-13T02:13:07.705+03:00  INFO 28032 --- [RegistrationModule] [           main] .s.d.r.c.RepositoryConfigurationDelegate : Multiple Spring Data modules found, entering strict repository configuration mode
2025-06-13T02:13:07.705+03:00  INFO 28032 --- [RegistrationModule] [           main] .s.d.r.c.RepositoryConfigurationDelegate : Bootstrapping Spring Data Redis repositories in DEFAULT mode.
2025-06-13T02:13:07.710+03:00  INFO 28032 --- [RegistrationModule] [           main] .RepositoryConfigurationExtensionSupport : Spring Data Redis - Could not safely identify store assignment for repository candidate interface com.example.registrationmodule.repository.AdminRepository; If you want this repository to be a Redis repository, consider annotating your entities with one of these annotations: org.springframework.data.redis.core.RedisHash (preferred), or consider extending one of the following types with your repository: org.springframework.data.keyvalue.repository.KeyValueRepository
2025-06-13T02:13:07.711+03:00  INFO 28032 --- [RegistrationModule] [           main] .RepositoryConfigurationExtensionSupport : Spring Data Redis - Could not safely identify store assignment for repository candidate interface com.example.registrationmodule.repository.MediaRepository; If you want this repository to be a Redis repository, consider annotating your entities with one of these annotations: org.springframework.data.redis.core.RedisHash (preferred), or consider extending one of the following types with your repository: org.springframework.data.keyvalue.repository.KeyValueRepository
2025-06-13T02:13:07.711+03:00  INFO 28032 --- [RegistrationModule] [           main] .RepositoryConfigurationExtensionSupport : Spring Data Redis - Could not safely identify store assignment for repository candidate interface com.example.registrationmodule.repository.PetRepository; If you want this repository to be a Redis repository, consider annotating your entities with one of these annotations: org.springframework.data.redis.core.RedisHash (preferred), or consider extending one of the following types with your repository: org.springframework.data.keyvalue.repository.KeyValueRepository
2025-06-13T02:13:07.711+03:00  INFO 28032 --- [RegistrationModule] [           main] .RepositoryConfigurationExtensionSupport : Spring Data Redis - Could not safely identify store assignment for repository candidate interface com.example.registrationmodule.repository.RevokedRefreshTokenRepository; If you want this repository to be a Redis repository, consider annotating your entities with one of these annotations: org.springframework.data.redis.core.RedisHash (preferred), or consider extending one of the following types with your repository: org.springframework.data.keyvalue.repository.KeyValueRepository
2025-06-13T02:13:07.711+03:00  INFO 28032 --- [RegistrationModule] [           main] .RepositoryConfigurationExtensionSupport : Spring Data Redis - Could not safely identify store assignment for repository candidate interface com.example.registrationmodule.repository.UserRepository; If you want this repository to be a Redis repository, consider annotating your entities with one of these annotations: org.springframework.data.redis.core.RedisHash (preferred), or consider extending one of the following types with your repository: org.springframework.data.keyvalue.repository.KeyValueRepository
2025-06-13T02:13:07.711+03:00  INFO 28032 --- [RegistrationModule] [           main] .s.d.r.c.RepositoryConfigurationDelegate : Finished Spring Data repository scanning in 5 ms. Found 0 Redis repository interfaces.
2025-06-13T02:13:07.809+03:00  INFO 28032 --- [RegistrationModule] [           main] o.hibernate.jpa.internal.util.LogHelper  : HHH000204: Processing PersistenceUnitInfo [name: default]
2025-06-13T02:13:07.811+03:00  INFO 28032 --- [RegistrationModule] [           main] o.h.c.internal.RegionFactoryInitiator    : HHH000026: Second-level cache disabled
2025-06-13T02:13:07.818+03:00  INFO 28032 --- [RegistrationModule] [           main] o.s.o.j.p.SpringPersistenceUnitInfo      : No LoadTimeWeaver setup: ignoring JPA class transformer
2025-06-13T02:13:07.819+03:00  INFO 28032 --- [RegistrationModule] [           main] com.zaxxer.hikari.HikariDataSource       : HikariPool-2 - Starting...
2025-06-13T02:13:07.820+03:00  INFO 28032 --- [RegistrationModule] [           main] com.zaxxer.hikari.pool.HikariPool        : HikariPool-2 - Added connection conn10: url=jdbc:h2:mem:testdb user=SA
2025-06-13T02:13:07.821+03:00  INFO 28032 --- [RegistrationModule] [           main] com.zaxxer.hikari.HikariDataSource       : HikariPool-2 - Start completed.
2025-06-13T02:13:07.821+03:00  WARN 28032 --- [RegistrationModule] [           main] org.hibernate.orm.deprecation            : HHH90000025: H2Dialect does not need to be specified explicitly using 'hibernate.dialect' (remove the property setting and it will be selected by default)
2025-06-13T02:13:07.821+03:00  INFO 28032 --- [RegistrationModule] [           main] org.hibernate.orm.connections.pooling    : HHH10001005: Database info:
	Database JDBC URL [Connecting through datasource 'HikariDataSource (HikariPool-2)']
	Database driver: undefined/unknown
	Database version: 2.3.232
	Autocommit mode: undefined/unknown
	Isolation level: undefined/unknown
	Minimum pool size: undefined/unknown
	Maximum pool size: undefined/unknown
2025-06-13T02:13:07.894+03:00  INFO 28032 --- [RegistrationModule] [           main] o.h.e.t.j.p.i.JtaPlatformInitiator       : HHH000489: No JTA platform available (set 'hibernate.transaction.jta.platform' to enable JTA platform integration)
2025-06-13T02:13:07.903+03:00  INFO 28032 --- [RegistrationModule] [           main] j.LocalContainerEntityManagerFactoryBean : Initialized JPA EntityManagerFactory for persistence unit 'default'
2025-06-13T02:13:08.051+03:00  INFO 28032 --- [RegistrationModule] [           main] eAuthenticationProviderManagerConfigurer : Global AuthenticationManager configured with AuthenticationProvider bean with name authenticationProvider
2025-06-13T02:13:08.051+03:00  WARN 28032 --- [RegistrationModule] [           main] r$InitializeUserDetailsManagerConfigurer : Global AuthenticationManager configured with an AuthenticationProvider bean. UserDetailsService beans will not be used by Spring Security for automatically configuring username/password login. Consider removing the AuthenticationProvider bean. Alternatively, consider using the UserDetailsService in a manually instantiated DaoAuthenticationProvider. If the current configuration is intentional, to turn off this warning, increase the logging level of 'org.springframework.security.config.annotation.authentication.configuration.InitializeUserDetailsBeanManagerConfigurer' to ERROR
2025-06-13T02:13:08.308+03:00  WARN 28032 --- [RegistrationModule] [           main] JpaBaseConfiguration$JpaWebConfiguration : spring.jpa.open-in-view is enabled by default. Therefore, database queries may be performed during view rendering. Explicitly configure spring.jpa.open-in-view to disable this warning
2025-06-13T02:13:08.837+03:00  INFO 28032 --- [RegistrationModule] [           main] o.s.b.a.h2.H2ConsoleAutoConfiguration    : H2 console available at '/h2-console'. Database available at 'jdbc:h2:mem:testdb'
2025-06-13T02:13:08.899+03:00  INFO 28032 --- [RegistrationModule] [           main] o.s.b.t.m.w.SpringBootMockServletContext : Initializing Spring TestDispatcherServlet ''
2025-06-13T02:13:08.899+03:00  INFO 28032 --- [RegistrationModule] [           main] o.s.t.web.servlet.TestDispatcherServlet  : Initializing Servlet ''
2025-06-13T02:13:08.899+03:00  INFO 28032 --- [RegistrationModule] [           main] o.s.t.web.servlet.TestDispatcherServlet  : Completed initialization in 0 ms
2025-06-13T02:13:08.914+03:00  INFO 28032 --- [RegistrationModule] [           main] c.e.r.c.AdminControllerIntegrationTests  : Started AdminControllerIntegrationTests in 1.503 seconds (process running for 12.175)
this is the admin details admin
2025-06-13T02:13:11.320+03:00  INFO 28032 --- [RegistrationModule] [           main] j.LocalContainerEntityManagerFactoryBean : Closing JPA EntityManagerFactory for persistence unit 'default'
2025-06-13T02:13:11.320+03:00  INFO 28032 --- [RegistrationModule] [           main] com.zaxxer.hikari.HikariDataSource       : HikariPool-2 - Shutdown initiated...
2025-06-13T02:13:11.321+03:00  INFO 28032 --- [RegistrationModule] [           main] com.zaxxer.hikari.HikariDataSource       : HikariPool-2 - Shutdown completed.
]]></system-out>
  </testcase>
  <testcase name="testRefreshToken_InvalidToken_ShouldReturnBadRequest" classname="com.example.registrationmodule.controller.AdminControllerIntegrationTests" time="1.339">
    <system-out><![CDATA[2025-06-13T02:13:11.323+03:00  INFO 28032 --- [RegistrationModule] [           main] o.s.b.d.r.RestartApplicationListener     : Restart disabled due to context in which it is running

  .   ____          _            __ _ _
 /\\ / ___'_ __ _ _(_)_ __  __ _ \ \ \ \
( ( )\___ | '_ | '_| | '_ \/ _` | \ \ \ \
 \\/  ___)| |_)| | | | | || (_| |  ) ) ) )
  '  |____| .__|_| |_|_| |_\__, | / / / /
 =========|_|==============|___/=/_/_/_/

 :: Spring Boot ::                (v3.4.3)

2025-06-13T02:13:11.343+03:00  INFO 28032 --- [RegistrationModule] [           main] c.e.r.c.AdminControllerIntegrationTests  : Starting AdminControllerIntegrationTests using Java 21.0.1 with PID 28032 (started by AliveTube in C:\Users\AliveTube\Documents\Projects CS50\Petzania\PetZania\Back-End\RegistrationModule)
2025-06-13T02:13:11.343+03:00  INFO 28032 --- [RegistrationModule] [           main] c.e.r.c.AdminControllerIntegrationTests  : No active profile set, falling back to 1 default profile: "default"
2025-06-13T02:13:11.551+03:00  INFO 28032 --- [RegistrationModule] [           main] .s.d.r.c.RepositoryConfigurationDelegate : Multiple Spring Data modules found, entering strict repository configuration mode
2025-06-13T02:13:11.551+03:00  INFO 28032 --- [RegistrationModule] [           main] .s.d.r.c.RepositoryConfigurationDelegate : Bootstrapping Spring Data JPA repositories in DEFAULT mode.
2025-06-13T02:13:11.572+03:00  INFO 28032 --- [RegistrationModule] [           main] .s.d.r.c.RepositoryConfigurationDelegate : Finished Spring Data repository scanning in 19 ms. Found 5 JPA repository interfaces.
2025-06-13T02:13:11.574+03:00  INFO 28032 --- [RegistrationModule] [           main] .s.d.r.c.RepositoryConfigurationDelegate : Multiple Spring Data modules found, entering strict repository configuration mode
2025-06-13T02:13:11.574+03:00  INFO 28032 --- [RegistrationModule] [           main] .s.d.r.c.RepositoryConfigurationDelegate : Bootstrapping Spring Data Redis repositories in DEFAULT mode.
2025-06-13T02:13:11.580+03:00  INFO 28032 --- [RegistrationModule] [           main] .RepositoryConfigurationExtensionSupport : Spring Data Redis - Could not safely identify store assignment for repository candidate interface com.example.registrationmodule.repository.AdminRepository; If you want this repository to be a Redis repository, consider annotating your entities with one of these annotations: org.springframework.data.redis.core.RedisHash (preferred), or consider extending one of the following types with your repository: org.springframework.data.keyvalue.repository.KeyValueRepository
2025-06-13T02:13:11.581+03:00  INFO 28032 --- [RegistrationModule] [           main] .RepositoryConfigurationExtensionSupport : Spring Data Redis - Could not safely identify store assignment for repository candidate interface com.example.registrationmodule.repository.MediaRepository; If you want this repository to be a Redis repository, consider annotating your entities with one of these annotations: org.springframework.data.redis.core.RedisHash (preferred), or consider extending one of the following types with your repository: org.springframework.data.keyvalue.repository.KeyValueRepository
2025-06-13T02:13:11.581+03:00  INFO 28032 --- [RegistrationModule] [           main] .RepositoryConfigurationExtensionSupport : Spring Data Redis - Could not safely identify store assignment for repository candidate interface com.example.registrationmodule.repository.PetRepository; If you want this repository to be a Redis repository, consider annotating your entities with one of these annotations: org.springframework.data.redis.core.RedisHash (preferred), or consider extending one of the following types with your repository: org.springframework.data.keyvalue.repository.KeyValueRepository
2025-06-13T02:13:11.581+03:00  INFO 28032 --- [RegistrationModule] [           main] .RepositoryConfigurationExtensionSupport : Spring Data Redis - Could not safely identify store assignment for repository candidate interface com.example.registrationmodule.repository.RevokedRefreshTokenRepository; If you want this repository to be a Redis repository, consider annotating your entities with one of these annotations: org.springframework.data.redis.core.RedisHash (preferred), or consider extending one of the following types with your repository: org.springframework.data.keyvalue.repository.KeyValueRepository
2025-06-13T02:13:11.581+03:00  INFO 28032 --- [RegistrationModule] [           main] .RepositoryConfigurationExtensionSupport : Spring Data Redis - Could not safely identify store assignment for repository candidate interface com.example.registrationmodule.repository.UserRepository; If you want this repository to be a Redis repository, consider annotating your entities with one of these annotations: org.springframework.data.redis.core.RedisHash (preferred), or consider extending one of the following types with your repository: org.springframework.data.keyvalue.repository.KeyValueRepository
2025-06-13T02:13:11.581+03:00  INFO 28032 --- [RegistrationModule] [           main] .s.d.r.c.RepositoryConfigurationDelegate : Finished Spring Data repository scanning in 5 ms. Found 0 Redis repository interfaces.
2025-06-13T02:13:11.662+03:00  INFO 28032 --- [RegistrationModule] [           main] o.hibernate.jpa.internal.util.LogHelper  : HHH000204: Processing PersistenceUnitInfo [name: default]
2025-06-13T02:13:11.664+03:00  INFO 28032 --- [RegistrationModule] [           main] o.h.c.internal.RegionFactoryInitiator    : HHH000026: Second-level cache disabled
2025-06-13T02:13:11.671+03:00  INFO 28032 --- [RegistrationModule] [           main] o.s.o.j.p.SpringPersistenceUnitInfo      : No LoadTimeWeaver setup: ignoring JPA class transformer
2025-06-13T02:13:11.671+03:00  INFO 28032 --- [RegistrationModule] [           main] com.zaxxer.hikari.HikariDataSource       : HikariPool-3 - Starting...
2025-06-13T02:13:11.673+03:00  INFO 28032 --- [RegistrationModule] [           main] com.zaxxer.hikari.pool.HikariPool        : HikariPool-3 - Added connection conn20: url=jdbc:h2:mem:testdb user=SA
2025-06-13T02:13:11.673+03:00  INFO 28032 --- [RegistrationModule] [           main] com.zaxxer.hikari.HikariDataSource       : HikariPool-3 - Start completed.
2025-06-13T02:13:11.673+03:00  WARN 28032 --- [RegistrationModule] [           main] org.hibernate.orm.deprecation            : HHH90000025: H2Dialect does not need to be specified explicitly using 'hibernate.dialect' (remove the property setting and it will be selected by default)
2025-06-13T02:13:11.673+03:00  INFO 28032 --- [RegistrationModule] [           main] org.hibernate.orm.connections.pooling    : HHH10001005: Database info:
	Database JDBC URL [Connecting through datasource 'HikariDataSource (HikariPool-3)']
	Database driver: undefined/unknown
	Database version: 2.3.232
	Autocommit mode: undefined/unknown
	Isolation level: undefined/unknown
	Minimum pool size: undefined/unknown
	Maximum pool size: undefined/unknown
2025-06-13T02:13:11.754+03:00  INFO 28032 --- [RegistrationModule] [           main] o.h.e.t.j.p.i.JtaPlatformInitiator       : HHH000489: No JTA platform available (set 'hibernate.transaction.jta.platform' to enable JTA platform integration)
2025-06-13T02:13:11.765+03:00  INFO 28032 --- [RegistrationModule] [           main] j.LocalContainerEntityManagerFactoryBean : Initialized JPA EntityManagerFactory for persistence unit 'default'
2025-06-13T02:13:12.012+03:00  INFO 28032 --- [RegistrationModule] [           main] eAuthenticationProviderManagerConfigurer : Global AuthenticationManager configured with AuthenticationProvider bean with name authenticationProvider
2025-06-13T02:13:12.012+03:00  WARN 28032 --- [RegistrationModule] [           main] r$InitializeUserDetailsManagerConfigurer : Global AuthenticationManager configured with an AuthenticationProvider bean. UserDetailsService beans will not be used by Spring Security for automatically configuring username/password login. Consider removing the AuthenticationProvider bean. Alternatively, consider using the UserDetailsService in a manually instantiated DaoAuthenticationProvider. If the current configuration is intentional, to turn off this warning, increase the logging level of 'org.springframework.security.config.annotation.authentication.configuration.InitializeUserDetailsBeanManagerConfigurer' to ERROR
2025-06-13T02:13:12.318+03:00  WARN 28032 --- [RegistrationModule] [           main] JpaBaseConfiguration$JpaWebConfiguration : spring.jpa.open-in-view is enabled by default. Therefore, database queries may be performed during view rendering. Explicitly configure spring.jpa.open-in-view to disable this warning
2025-06-13T02:13:12.833+03:00  INFO 28032 --- [RegistrationModule] [           main] o.s.b.a.h2.H2ConsoleAutoConfiguration    : H2 console available at '/h2-console'. Database available at 'jdbc:h2:mem:testdb'
2025-06-13T02:13:12.889+03:00  INFO 28032 --- [RegistrationModule] [           main] o.s.b.t.m.w.SpringBootMockServletContext : Initializing Spring TestDispatcherServlet ''
2025-06-13T02:13:12.889+03:00  INFO 28032 --- [RegistrationModule] [           main] o.s.t.web.servlet.TestDispatcherServlet  : Initializing Servlet ''
2025-06-13T02:13:12.890+03:00  INFO 28032 --- [RegistrationModule] [           main] o.s.t.web.servlet.TestDispatcherServlet  : Completed initialization in 1 ms
2025-06-13T02:13:12.902+03:00  INFO 28032 --- [RegistrationModule] [           main] c.e.r.c.AdminControllerIntegrationTests  : Started AdminControllerIntegrationTests in 1.578 seconds (process running for 16.162)
Fetching from database
2025-06-13T02:13:15.404+03:00  INFO 28032 --- [RegistrationModule] [           main] j.LocalContainerEntityManagerFactoryBean : Closing JPA EntityManagerFactory for persistence unit 'default'
2025-06-13T02:13:15.405+03:00  INFO 28032 --- [RegistrationModule] [           main] com.zaxxer.hikari.HikariDataSource       : HikariPool-3 - Shutdown initiated...
2025-06-13T02:13:15.405+03:00  INFO 28032 --- [RegistrationModule] [           main] com.zaxxer.hikari.HikariDataSource       : HikariPool-3 - Shutdown completed.
]]></system-out>
  </testcase>
  <testcase name="testRefreshToken_ValidToken_ShouldReturnNewToken" classname="com.example.registrationmodule.controller.AdminControllerIntegrationTests" time="1.452">
    <system-out><![CDATA[2025-06-13T02:13:15.408+03:00  INFO 28032 --- [RegistrationModule] [           main] o.s.b.d.r.RestartApplicationListener     : Restart disabled due to context in which it is running

  .   ____          _            __ _ _
 /\\ / ___'_ __ _ _(_)_ __  __ _ \ \ \ \
( ( )\___ | '_ | '_| | '_ \/ _` | \ \ \ \
 \\/  ___)| |_)| | | | | || (_| |  ) ) ) )
  '  |____| .__|_| |_|_| |_\__, | / / / /
 =========|_|==============|___/=/_/_/_/

 :: Spring Boot ::                (v3.4.3)

2025-06-13T02:13:15.426+03:00  INFO 28032 --- [RegistrationModule] [           main] c.e.r.c.AdminControllerIntegrationTests  : Starting AdminControllerIntegrationTests using Java 21.0.1 with PID 28032 (started by AliveTube in C:\Users\AliveTube\Documents\Projects CS50\Petzania\PetZania\Back-End\RegistrationModule)
2025-06-13T02:13:15.426+03:00  INFO 28032 --- [RegistrationModule] [           main] c.e.r.c.AdminControllerIntegrationTests  : No active profile set, falling back to 1 default profile: "default"
2025-06-13T02:13:15.605+03:00  INFO 28032 --- [RegistrationModule] [           main] .s.d.r.c.RepositoryConfigurationDelegate : Multiple Spring Data modules found, entering strict repository configuration mode
2025-06-13T02:13:15.605+03:00  INFO 28032 --- [RegistrationModule] [           main] .s.d.r.c.RepositoryConfigurationDelegate : Bootstrapping Spring Data JPA repositories in DEFAULT mode.
2025-06-13T02:13:15.621+03:00  INFO 28032 --- [RegistrationModule] [           main] .s.d.r.c.RepositoryConfigurationDelegate : Finished Spring Data repository scanning in 15 ms. Found 5 JPA repository interfaces.
2025-06-13T02:13:15.624+03:00  INFO 28032 --- [RegistrationModule] [           main] .s.d.r.c.RepositoryConfigurationDelegate : Multiple Spring Data modules found, entering strict repository configuration mode
2025-06-13T02:13:15.624+03:00  INFO 28032 --- [RegistrationModule] [           main] .s.d.r.c.RepositoryConfigurationDelegate : Bootstrapping Spring Data Redis repositories in DEFAULT mode.
2025-06-13T02:13:15.628+03:00  INFO 28032 --- [RegistrationModule] [           main] .RepositoryConfigurationExtensionSupport : Spring Data Redis - Could not safely identify store assignment for repository candidate interface com.example.registrationmodule.repository.AdminRepository; If you want this repository to be a Redis repository, consider annotating your entities with one of these annotations: org.springframework.data.redis.core.RedisHash (preferred), or consider extending one of the following types with your repository: org.springframework.data.keyvalue.repository.KeyValueRepository
2025-06-13T02:13:15.629+03:00  INFO 28032 --- [RegistrationModule] [           main] .RepositoryConfigurationExtensionSupport : Spring Data Redis - Could not safely identify store assignment for repository candidate interface com.example.registrationmodule.repository.MediaRepository; If you want this repository to be a Redis repository, consider annotating your entities with one of these annotations: org.springframework.data.redis.core.RedisHash (preferred), or consider extending one of the following types with your repository: org.springframework.data.keyvalue.repository.KeyValueRepository
2025-06-13T02:13:15.629+03:00  INFO 28032 --- [RegistrationModule] [           main] .RepositoryConfigurationExtensionSupport : Spring Data Redis - Could not safely identify store assignment for repository candidate interface com.example.registrationmodule.repository.PetRepository; If you want this repository to be a Redis repository, consider annotating your entities with one of these annotations: org.springframework.data.redis.core.RedisHash (preferred), or consider extending one of the following types with your repository: org.springframework.data.keyvalue.repository.KeyValueRepository
2025-06-13T02:13:15.629+03:00  INFO 28032 --- [RegistrationModule] [           main] .RepositoryConfigurationExtensionSupport : Spring Data Redis - Could not safely identify store assignment for repository candidate interface com.example.registrationmodule.repository.RevokedRefreshTokenRepository; If you want this repository to be a Redis repository, consider annotating your entities with one of these annotations: org.springframework.data.redis.core.RedisHash (preferred), or consider extending one of the following types with your repository: org.springframework.data.keyvalue.repository.KeyValueRepository
2025-06-13T02:13:15.629+03:00  INFO 28032 --- [RegistrationModule] [           main] .RepositoryConfigurationExtensionSupport : Spring Data Redis - Could not safely identify store assignment for repository candidate interface com.example.registrationmodule.repository.UserRepository; If you want this repository to be a Redis repository, consider annotating your entities with one of these annotations: org.springframework.data.redis.core.RedisHash (preferred), or consider extending one of the following types with your repository: org.springframework.data.keyvalue.repository.KeyValueRepository
2025-06-13T02:13:15.629+03:00  INFO 28032 --- [RegistrationModule] [           main] .s.d.r.c.RepositoryConfigurationDelegate : Finished Spring Data repository scanning in 4 ms. Found 0 Redis repository interfaces.
2025-06-13T02:13:15.726+03:00  INFO 28032 --- [RegistrationModule] [           main] o.hibernate.jpa.internal.util.LogHelper  : HHH000204: Processing PersistenceUnitInfo [name: default]
2025-06-13T02:13:15.728+03:00  INFO 28032 --- [RegistrationModule] [           main] o.h.c.internal.RegionFactoryInitiator    : HHH000026: Second-level cache disabled
2025-06-13T02:13:15.734+03:00  INFO 28032 --- [RegistrationModule] [           main] o.s.o.j.p.SpringPersistenceUnitInfo      : No LoadTimeWeaver setup: ignoring JPA class transformer
2025-06-13T02:13:15.735+03:00  INFO 28032 --- [RegistrationModule] [           main] com.zaxxer.hikari.HikariDataSource       : HikariPool-4 - Starting...
2025-06-13T02:13:15.736+03:00  INFO 28032 --- [RegistrationModule] [           main] com.zaxxer.hikari.pool.HikariPool        : HikariPool-4 - Added connection conn30: url=jdbc:h2:mem:testdb user=SA
2025-06-13T02:13:15.737+03:00  INFO 28032 --- [RegistrationModule] [           main] com.zaxxer.hikari.HikariDataSource       : HikariPool-4 - Start completed.
2025-06-13T02:13:15.737+03:00  WARN 28032 --- [RegistrationModule] [           main] org.hibernate.orm.deprecation            : HHH90000025: H2Dialect does not need to be specified explicitly using 'hibernate.dialect' (remove the property setting and it will be selected by default)
2025-06-13T02:13:15.737+03:00  INFO 28032 --- [RegistrationModule] [           main] org.hibernate.orm.connections.pooling    : HHH10001005: Database info:
	Database JDBC URL [Connecting through datasource 'HikariDataSource (HikariPool-4)']
	Database driver: undefined/unknown
	Database version: 2.3.232
	Autocommit mode: undefined/unknown
	Isolation level: undefined/unknown
	Minimum pool size: undefined/unknown
	Maximum pool size: undefined/unknown
2025-06-13T02:13:15.797+03:00  INFO 28032 --- [RegistrationModule] [           main] o.h.e.t.j.p.i.JtaPlatformInitiator       : HHH000489: No JTA platform available (set 'hibernate.transaction.jta.platform' to enable JTA platform integration)
2025-06-13T02:13:15.805+03:00  INFO 28032 --- [RegistrationModule] [           main] j.LocalContainerEntityManagerFactoryBean : Initialized JPA EntityManagerFactory for persistence unit 'default'
2025-06-13T02:13:15.953+03:00  INFO 28032 --- [RegistrationModule] [           main] eAuthenticationProviderManagerConfigurer : Global AuthenticationManager configured with AuthenticationProvider bean with name authenticationProvider
2025-06-13T02:13:15.954+03:00  WARN 28032 --- [RegistrationModule] [           main] r$InitializeUserDetailsManagerConfigurer : Global AuthenticationManager configured with an AuthenticationProvider bean. UserDetailsService beans will not be used by Spring Security for automatically configuring username/password login. Consider removing the AuthenticationProvider bean. Alternatively, consider using the UserDetailsService in a manually instantiated DaoAuthenticationProvider. If the current configuration is intentional, to turn off this warning, increase the logging level of 'org.springframework.security.config.annotation.authentication.configuration.InitializeUserDetailsBeanManagerConfigurer' to ERROR
2025-06-13T02:13:16.169+03:00  WARN 28032 --- [RegistrationModule] [           main] JpaBaseConfiguration$JpaWebConfiguration : spring.jpa.open-in-view is enabled by default. Therefore, database queries may be performed during view rendering. Explicitly configure spring.jpa.open-in-view to disable this warning
2025-06-13T02:13:16.710+03:00  INFO 28032 --- [RegistrationModule] [           main] o.s.b.a.h2.H2ConsoleAutoConfiguration    : H2 console available at '/h2-console'. Database available at 'jdbc:h2:mem:testdb'
2025-06-13T02:13:16.774+03:00  INFO 28032 --- [RegistrationModule] [           main] o.s.b.t.m.w.SpringBootMockServletContext : Initializing Spring TestDispatcherServlet ''
2025-06-13T02:13:16.774+03:00  INFO 28032 --- [RegistrationModule] [           main] o.s.t.web.servlet.TestDispatcherServlet  : Initializing Servlet ''
2025-06-13T02:13:16.775+03:00  INFO 28032 --- [RegistrationModule] [           main] o.s.t.web.servlet.TestDispatcherServlet  : Completed initialization in 1 ms
2025-06-13T02:13:16.785+03:00  INFO 28032 --- [RegistrationModule] [           main] c.e.r.c.AdminControllerIntegrationTests  : Started AdminControllerIntegrationTests in 1.377 seconds (process running for 20.045)
Fetching from database
2025-06-13T02:13:19.407+03:00  INFO 28032 --- [RegistrationModule] [           main] j.LocalContainerEntityManagerFactoryBean : Closing JPA EntityManagerFactory for persistence unit 'default'
2025-06-13T02:13:19.407+03:00  INFO 28032 --- [RegistrationModule] [           main] com.zaxxer.hikari.HikariDataSource       : HikariPool-4 - Shutdown initiated...
2025-06-13T02:13:19.408+03:00  INFO 28032 --- [RegistrationModule] [           main] com.zaxxer.hikari.HikariDataSource       : HikariPool-4 - Shutdown completed.
]]></system-out>
  </testcase>
  <testcase name="testAdminLogout_ValidRequest_ShouldReturnOk" classname="com.example.registrationmodule.controller.AdminControllerIntegrationTests" time="1.44">
    <system-out><![CDATA[2025-06-13T02:13:19.410+03:00  INFO 28032 --- [RegistrationModule] [           main] o.s.b.d.r.RestartApplicationListener     : Restart disabled due to context in which it is running

  .   ____          _            __ _ _
 /\\ / ___'_ __ _ _(_)_ __  __ _ \ \ \ \
( ( )\___ | '_ | '_| | '_ \/ _` | \ \ \ \
 \\/  ___)| |_)| | | | | || (_| |  ) ) ) )
  '  |____| .__|_| |_|_| |_\__, | / / / /
 =========|_|==============|___/=/_/_/_/

 :: Spring Boot ::                (v3.4.3)

2025-06-13T02:13:19.429+03:00  INFO 28032 --- [RegistrationModule] [           main] c.e.r.c.AdminControllerIntegrationTests  : Starting AdminControllerIntegrationTests using Java 21.0.1 with PID 28032 (started by AliveTube in C:\Users\AliveTube\Documents\Projects CS50\Petzania\PetZania\Back-End\RegistrationModule)
2025-06-13T02:13:19.430+03:00  INFO 28032 --- [RegistrationModule] [           main] c.e.r.c.AdminControllerIntegrationTests  : No active profile set, falling back to 1 default profile: "default"
2025-06-13T02:13:19.607+03:00  INFO 28032 --- [RegistrationModule] [           main] .s.d.r.c.RepositoryConfigurationDelegate : Multiple Spring Data modules found, entering strict repository configuration mode
2025-06-13T02:13:19.607+03:00  INFO 28032 --- [RegistrationModule] [           main] .s.d.r.c.RepositoryConfigurationDelegate : Bootstrapping Spring Data JPA repositories in DEFAULT mode.
2025-06-13T02:13:19.621+03:00  INFO 28032 --- [RegistrationModule] [           main] .s.d.r.c.RepositoryConfigurationDelegate : Finished Spring Data repository scanning in 13 ms. Found 5 JPA repository interfaces.
2025-06-13T02:13:19.623+03:00  INFO 28032 --- [RegistrationModule] [           main] .s.d.r.c.RepositoryConfigurationDelegate : Multiple Spring Data modules found, entering strict repository configuration mode
2025-06-13T02:13:19.623+03:00  INFO 28032 --- [RegistrationModule] [           main] .s.d.r.c.RepositoryConfigurationDelegate : Bootstrapping Spring Data Redis repositories in DEFAULT mode.
2025-06-13T02:13:19.628+03:00  INFO 28032 --- [RegistrationModule] [           main] .RepositoryConfigurationExtensionSupport : Spring Data Redis - Could not safely identify store assignment for repository candidate interface com.example.registrationmodule.repository.AdminRepository; If you want this repository to be a Redis repository, consider annotating your entities with one of these annotations: org.springframework.data.redis.core.RedisHash (preferred), or consider extending one of the following types with your repository: org.springframework.data.keyvalue.repository.KeyValueRepository
2025-06-13T02:13:19.628+03:00  INFO 28032 --- [RegistrationModule] [           main] .RepositoryConfigurationExtensionSupport : Spring Data Redis - Could not safely identify store assignment for repository candidate interface com.example.registrationmodule.repository.MediaRepository; If you want this repository to be a Redis repository, consider annotating your entities with one of these annotations: org.springframework.data.redis.core.RedisHash (preferred), or consider extending one of the following types with your repository: org.springframework.data.keyvalue.repository.KeyValueRepository
2025-06-13T02:13:19.628+03:00  INFO 28032 --- [RegistrationModule] [           main] .RepositoryConfigurationExtensionSupport : Spring Data Redis - Could not safely identify store assignment for repository candidate interface com.example.registrationmodule.repository.PetRepository; If you want this repository to be a Redis repository, consider annotating your entities with one of these annotations: org.springframework.data.redis.core.RedisHash (preferred), or consider extending one of the following types with your repository: org.springframework.data.keyvalue.repository.KeyValueRepository
2025-06-13T02:13:19.628+03:00  INFO 28032 --- [RegistrationModule] [           main] .RepositoryConfigurationExtensionSupport : Spring Data Redis - Could not safely identify store assignment for repository candidate interface com.example.registrationmodule.repository.RevokedRefreshTokenRepository; If you want this repository to be a Redis repository, consider annotating your entities with one of these annotations: org.springframework.data.redis.core.RedisHash (preferred), or consider extending one of the following types with your repository: org.springframework.data.keyvalue.repository.KeyValueRepository
2025-06-13T02:13:19.628+03:00  INFO 28032 --- [RegistrationModule] [           main] .RepositoryConfigurationExtensionSupport : Spring Data Redis - Could not safely identify store assignment for repository candidate interface com.example.registrationmodule.repository.UserRepository; If you want this repository to be a Redis repository, consider annotating your entities with one of these annotations: org.springframework.data.redis.core.RedisHash (preferred), or consider extending one of the following types with your repository: org.springframework.data.keyvalue.repository.KeyValueRepository
2025-06-13T02:13:19.628+03:00  INFO 28032 --- [RegistrationModule] [           main] .s.d.r.c.RepositoryConfigurationDelegate : Finished Spring Data repository scanning in 4 ms. Found 0 Redis repository interfaces.
2025-06-13T02:13:19.711+03:00  INFO 28032 --- [RegistrationModule] [           main] o.hibernate.jpa.internal.util.LogHelper  : HHH000204: Processing PersistenceUnitInfo [name: default]
2025-06-13T02:13:19.713+03:00  INFO 28032 --- [RegistrationModule] [           main] o.h.c.internal.RegionFactoryInitiator    : HHH000026: Second-level cache disabled
2025-06-13T02:13:19.719+03:00  INFO 28032 --- [RegistrationModule] [           main] o.s.o.j.p.SpringPersistenceUnitInfo      : No LoadTimeWeaver setup: ignoring JPA class transformer
2025-06-13T02:13:19.720+03:00  INFO 28032 --- [RegistrationModule] [           main] com.zaxxer.hikari.HikariDataSource       : HikariPool-5 - Starting...
2025-06-13T02:13:19.721+03:00  INFO 28032 --- [RegistrationModule] [           main] com.zaxxer.hikari.pool.HikariPool        : HikariPool-5 - Added connection conn40: url=jdbc:h2:mem:testdb user=SA
2025-06-13T02:13:19.721+03:00  INFO 28032 --- [RegistrationModule] [           main] com.zaxxer.hikari.HikariDataSource       : HikariPool-5 - Start completed.
2025-06-13T02:13:19.721+03:00  WARN 28032 --- [RegistrationModule] [           main] org.hibernate.orm.deprecation            : HHH90000025: H2Dialect does not need to be specified explicitly using 'hibernate.dialect' (remove the property setting and it will be selected by default)
2025-06-13T02:13:19.721+03:00  INFO 28032 --- [RegistrationModule] [           main] org.hibernate.orm.connections.pooling    : HHH10001005: Database info:
	Database JDBC URL [Connecting through datasource 'HikariDataSource (HikariPool-5)']
	Database driver: undefined/unknown
	Database version: 2.3.232
	Autocommit mode: undefined/unknown
	Isolation level: undefined/unknown
	Minimum pool size: undefined/unknown
	Maximum pool size: undefined/unknown
2025-06-13T02:13:19.780+03:00  INFO 28032 --- [RegistrationModule] [           main] o.h.e.t.j.p.i.JtaPlatformInitiator       : HHH000489: No JTA platform available (set 'hibernate.transaction.jta.platform' to enable JTA platform integration)
2025-06-13T02:13:19.788+03:00  INFO 28032 --- [RegistrationModule] [           main] j.LocalContainerEntityManagerFactoryBean : Initialized JPA EntityManagerFactory for persistence unit 'default'
2025-06-13T02:13:19.909+03:00  INFO 28032 --- [RegistrationModule] [           main] eAuthenticationProviderManagerConfigurer : Global AuthenticationManager configured with AuthenticationProvider bean with name authenticationProvider
2025-06-13T02:13:19.909+03:00  WARN 28032 --- [RegistrationModule] [           main] r$InitializeUserDetailsManagerConfigurer : Global AuthenticationManager configured with an AuthenticationProvider bean. UserDetailsService beans will not be used by Spring Security for automatically configuring username/password login. Consider removing the AuthenticationProvider bean. Alternatively, consider using the UserDetailsService in a manually instantiated DaoAuthenticationProvider. If the current configuration is intentional, to turn off this warning, increase the logging level of 'org.springframework.security.config.annotation.authentication.configuration.InitializeUserDetailsBeanManagerConfigurer' to ERROR
2025-06-13T02:13:20.117+03:00  WARN 28032 --- [RegistrationModule] [           main] JpaBaseConfiguration$JpaWebConfiguration : spring.jpa.open-in-view is enabled by default. Therefore, database queries may be performed during view rendering. Explicitly configure spring.jpa.open-in-view to disable this warning
2025-06-13T02:13:20.583+03:00  INFO 28032 --- [RegistrationModule] [           main] o.s.b.a.h2.H2ConsoleAutoConfiguration    : H2 console available at '/h2-console'. Database available at 'jdbc:h2:mem:testdb'
2025-06-13T02:13:20.638+03:00  INFO 28032 --- [RegistrationModule] [           main] o.s.b.t.m.w.SpringBootMockServletContext : Initializing Spring TestDispatcherServlet ''
2025-06-13T02:13:20.638+03:00  INFO 28032 --- [RegistrationModule] [           main] o.s.t.web.servlet.TestDispatcherServlet  : Initializing Servlet ''
2025-06-13T02:13:20.639+03:00  INFO 28032 --- [RegistrationModule] [           main] o.s.t.web.servlet.TestDispatcherServlet  : Completed initialization in 1 ms
2025-06-13T02:13:20.649+03:00  INFO 28032 --- [RegistrationModule] [           main] c.e.r.c.AdminControllerIntegrationTests  : Started AdminControllerIntegrationTests in 1.239 seconds (process running for 23.91)
this is the admin details adminB
Fetching from database
Saving in the database
2025-06-13T02:13:23.254+03:00  INFO 28032 --- [RegistrationModule] [           main] j.LocalContainerEntityManagerFactoryBean : Closing JPA EntityManagerFactory for persistence unit 'default'
2025-06-13T02:13:23.254+03:00  INFO 28032 --- [RegistrationModule] [           main] com.zaxxer.hikari.HikariDataSource       : HikariPool-5 - Shutdown initiated...
2025-06-13T02:13:23.254+03:00  INFO 28032 --- [RegistrationModule] [           main] com.zaxxer.hikari.HikariDataSource       : HikariPool-5 - Shutdown completed.
]]></system-out>
  </testcase>
  <testcase name="testCreateAdmin_ValidDataAsSuperAdmin_ShouldReturnCreated" classname="com.example.registrationmodule.controller.AdminControllerIntegrationTests" time="1.283">
    <system-out><![CDATA[2025-06-13T02:13:23.257+03:00  INFO 28032 --- [RegistrationModule] [           main] o.s.b.d.r.RestartApplicationListener     : Restart disabled due to context in which it is running

  .   ____          _            __ _ _
 /\\ / ___'_ __ _ _(_)_ __  __ _ \ \ \ \
( ( )\___ | '_ | '_| | '_ \/ _` | \ \ \ \
 \\/  ___)| |_)| | | | | || (_| |  ) ) ) )
  '  |____| .__|_| |_|_| |_\__, | / / / /
 =========|_|==============|___/=/_/_/_/

 :: Spring Boot ::                (v3.4.3)

2025-06-13T02:13:23.277+03:00  INFO 28032 --- [RegistrationModule] [           main] c.e.r.c.AdminControllerIntegrationTests  : Starting AdminControllerIntegrationTests using Java 21.0.1 with PID 28032 (started by AliveTube in C:\Users\AliveTube\Documents\Projects CS50\Petzania\PetZania\Back-End\RegistrationModule)
2025-06-13T02:13:23.277+03:00  INFO 28032 --- [RegistrationModule] [           main] c.e.r.c.AdminControllerIntegrationTests  : No active profile set, falling back to 1 default profile: "default"
2025-06-13T02:13:23.458+03:00  INFO 28032 --- [RegistrationModule] [           main] .s.d.r.c.RepositoryConfigurationDelegate : Multiple Spring Data modules found, entering strict repository configuration mode
2025-06-13T02:13:23.458+03:00  INFO 28032 --- [RegistrationModule] [           main] .s.d.r.c.RepositoryConfigurationDelegate : Bootstrapping Spring Data JPA repositories in DEFAULT mode.
2025-06-13T02:13:23.474+03:00  INFO 28032 --- [RegistrationModule] [           main] .s.d.r.c.RepositoryConfigurationDelegate : Finished Spring Data repository scanning in 15 ms. Found 5 JPA repository interfaces.
2025-06-13T02:13:23.476+03:00  INFO 28032 --- [RegistrationModule] [           main] .s.d.r.c.RepositoryConfigurationDelegate : Multiple Spring Data modules found, entering strict repository configuration mode
2025-06-13T02:13:23.476+03:00  INFO 28032 --- [RegistrationModule] [           main] .s.d.r.c.RepositoryConfigurationDelegate : Bootstrapping Spring Data Redis repositories in DEFAULT mode.
2025-06-13T02:13:23.480+03:00  INFO 28032 --- [RegistrationModule] [           main] .RepositoryConfigurationExtensionSupport : Spring Data Redis - Could not safely identify store assignment for repository candidate interface com.example.registrationmodule.repository.AdminRepository; If you want this repository to be a Redis repository, consider annotating your entities with one of these annotations: org.springframework.data.redis.core.RedisHash (preferred), or consider extending one of the following types with your repository: org.springframework.data.keyvalue.repository.KeyValueRepository
2025-06-13T02:13:23.481+03:00  INFO 28032 --- [RegistrationModule] [           main] .RepositoryConfigurationExtensionSupport : Spring Data Redis - Could not safely identify store assignment for repository candidate interface com.example.registrationmodule.repository.MediaRepository; If you want this repository to be a Redis repository, consider annotating your entities with one of these annotations: org.springframework.data.redis.core.RedisHash (preferred), or consider extending one of the following types with your repository: org.springframework.data.keyvalue.repository.KeyValueRepository
2025-06-13T02:13:23.481+03:00  INFO 28032 --- [RegistrationModule] [           main] .RepositoryConfigurationExtensionSupport : Spring Data Redis - Could not safely identify store assignment for repository candidate interface com.example.registrationmodule.repository.PetRepository; If you want this repository to be a Redis repository, consider annotating your entities with one of these annotations: org.springframework.data.redis.core.RedisHash (preferred), or consider extending one of the following types with your repository: org.springframework.data.keyvalue.repository.KeyValueRepository
2025-06-13T02:13:23.481+03:00  INFO 28032 --- [RegistrationModule] [           main] .RepositoryConfigurationExtensionSupport : Spring Data Redis - Could not safely identify store assignment for repository candidate interface com.example.registrationmodule.repository.RevokedRefreshTokenRepository; If you want this repository to be a Redis repository, consider annotating your entities with one of these annotations: org.springframework.data.redis.core.RedisHash (preferred), or consider extending one of the following types with your repository: org.springframework.data.keyvalue.repository.KeyValueRepository
2025-06-13T02:13:23.481+03:00  INFO 28032 --- [RegistrationModule] [           main] .RepositoryConfigurationExtensionSupport : Spring Data Redis - Could not safely identify store assignment for repository candidate interface com.example.registrationmodule.repository.UserRepository; If you want this repository to be a Redis repository, consider annotating your entities with one of these annotations: org.springframework.data.redis.core.RedisHash (preferred), or consider extending one of the following types with your repository: org.springframework.data.keyvalue.repository.KeyValueRepository
2025-06-13T02:13:23.481+03:00  INFO 28032 --- [RegistrationModule] [           main] .s.d.r.c.RepositoryConfigurationDelegate : Finished Spring Data repository scanning in 4 ms. Found 0 Redis repository interfaces.
2025-06-13T02:13:23.558+03:00  INFO 28032 --- [RegistrationModule] [           main] o.hibernate.jpa.internal.util.LogHelper  : HHH000204: Processing PersistenceUnitInfo [name: default]
2025-06-13T02:13:23.560+03:00  INFO 28032 --- [RegistrationModule] [           main] o.h.c.internal.RegionFactoryInitiator    : HHH000026: Second-level cache disabled
2025-06-13T02:13:23.566+03:00  INFO 28032 --- [RegistrationModule] [           main] o.s.o.j.p.SpringPersistenceUnitInfo      : No LoadTimeWeaver setup: ignoring JPA class transformer
2025-06-13T02:13:23.567+03:00  INFO 28032 --- [RegistrationModule] [           main] com.zaxxer.hikari.HikariDataSource       : HikariPool-6 - Starting...
2025-06-13T02:13:23.569+03:00  INFO 28032 --- [RegistrationModule] [           main] com.zaxxer.hikari.pool.HikariPool        : HikariPool-6 - Added connection conn50: url=jdbc:h2:mem:testdb user=SA
2025-06-13T02:13:23.569+03:00  INFO 28032 --- [RegistrationModule] [           main] com.zaxxer.hikari.HikariDataSource       : HikariPool-6 - Start completed.
2025-06-13T02:13:23.569+03:00  WARN 28032 --- [RegistrationModule] [           main] org.hibernate.orm.deprecation            : HHH90000025: H2Dialect does not need to be specified explicitly using 'hibernate.dialect' (remove the property setting and it will be selected by default)
2025-06-13T02:13:23.569+03:00  INFO 28032 --- [RegistrationModule] [           main] org.hibernate.orm.connections.pooling    : HHH10001005: Database info:
	Database JDBC URL [Connecting through datasource 'HikariDataSource (HikariPool-6)']
	Database driver: undefined/unknown
	Database version: 2.3.232
	Autocommit mode: undefined/unknown
	Isolation level: undefined/unknown
	Minimum pool size: undefined/unknown
	Maximum pool size: undefined/unknown
2025-06-13T02:13:23.627+03:00  INFO 28032 --- [RegistrationModule] [           main] o.h.e.t.j.p.i.JtaPlatformInitiator       : HHH000489: No JTA platform available (set 'hibernate.transaction.jta.platform' to enable JTA platform integration)
2025-06-13T02:13:23.634+03:00  INFO 28032 --- [RegistrationModule] [           main] j.LocalContainerEntityManagerFactoryBean : Initialized JPA EntityManagerFactory for persistence unit 'default'
2025-06-13T02:13:23.750+03:00  INFO 28032 --- [RegistrationModule] [           main] eAuthenticationProviderManagerConfigurer : Global AuthenticationManager configured with AuthenticationProvider bean with name authenticationProvider
2025-06-13T02:13:23.751+03:00  WARN 28032 --- [RegistrationModule] [           main] r$InitializeUserDetailsManagerConfigurer : Global AuthenticationManager configured with an AuthenticationProvider bean. UserDetailsService beans will not be used by Spring Security for automatically configuring username/password login. Consider removing the AuthenticationProvider bean. Alternatively, consider using the UserDetailsService in a manually instantiated DaoAuthenticationProvider. If the current configuration is intentional, to turn off this warning, increase the logging level of 'org.springframework.security.config.annotation.authentication.configuration.InitializeUserDetailsBeanManagerConfigurer' to ERROR
2025-06-13T02:13:23.968+03:00  WARN 28032 --- [RegistrationModule] [           main] JpaBaseConfiguration$JpaWebConfiguration : spring.jpa.open-in-view is enabled by default. Therefore, database queries may be performed during view rendering. Explicitly configure spring.jpa.open-in-view to disable this warning
2025-06-13T02:13:24.521+03:00  INFO 28032 --- [RegistrationModule] [           main] o.s.b.a.h2.H2ConsoleAutoConfiguration    : H2 console available at '/h2-console'. Database available at 'jdbc:h2:mem:testdb'
2025-06-13T02:13:24.583+03:00  INFO 28032 --- [RegistrationModule] [           main] o.s.b.t.m.w.SpringBootMockServletContext : Initializing Spring TestDispatcherServlet ''
2025-06-13T02:13:24.584+03:00  INFO 28032 --- [RegistrationModule] [           main] o.s.t.web.servlet.TestDispatcherServlet  : Initializing Servlet ''
2025-06-13T02:13:24.584+03:00  INFO 28032 --- [RegistrationModule] [           main] o.s.t.web.servlet.TestDispatcherServlet  : Completed initialization in 0 ms
2025-06-13T02:13:24.593+03:00  INFO 28032 --- [RegistrationModule] [           main] c.e.r.c.AdminControllerIntegrationTests  : Started AdminControllerIntegrationTests in 1.336 seconds (process running for 27.853)
this is the admin details superadminA
Admin(adminId=eb5fb2c3-c480-4c56-8efc-e94ead647736, username=newAdminUser, password=$2a$12$enBVbfY8a2v0OVWWTavMB.HZUlnfFGCUHrvbI7FQGbz9A36dWaWuu, role=ADMIN)
2025-06-13T02:13:27.058+03:00  INFO 28032 --- [RegistrationModule] [           main] j.LocalContainerEntityManagerFactoryBean : Closing JPA EntityManagerFactory for persistence unit 'default'
2025-06-13T02:13:27.058+03:00  INFO 28032 --- [RegistrationModule] [           main] com.zaxxer.hikari.HikariDataSource       : HikariPool-6 - Shutdown initiated...
2025-06-13T02:13:27.059+03:00  INFO 28032 --- [RegistrationModule] [           main] com.zaxxer.hikari.HikariDataSource       : HikariPool-6 - Shutdown completed.
]]></system-out>
  </testcase>
  <testcase name="testCreateAdmin_UsernameAlreadyExists_ShouldReturnConflict" classname="com.example.registrationmodule.controller.AdminControllerIntegrationTests" time="1.03">
    <system-out><![CDATA[2025-06-13T02:13:27.061+03:00  INFO 28032 --- [RegistrationModule] [           main] o.s.b.d.r.RestartApplicationListener     : Restart disabled due to context in which it is running

  .   ____          _            __ _ _
 /\\ / ___'_ __ _ _(_)_ __  __ _ \ \ \ \
( ( )\___ | '_ | '_| | '_ \/ _` | \ \ \ \
 \\/  ___)| |_)| | | | | || (_| |  ) ) ) )
  '  |____| .__|_| |_|_| |_\__, | / / / /
 =========|_|==============|___/=/_/_/_/

 :: Spring Boot ::                (v3.4.3)

2025-06-13T02:13:27.078+03:00  INFO 28032 --- [RegistrationModule] [           main] c.e.r.c.AdminControllerIntegrationTests  : Starting AdminControllerIntegrationTests using Java 21.0.1 with PID 28032 (started by AliveTube in C:\Users\AliveTube\Documents\Projects CS50\Petzania\PetZania\Back-End\RegistrationModule)
2025-06-13T02:13:27.078+03:00  INFO 28032 --- [RegistrationModule] [           main] c.e.r.c.AdminControllerIntegrationTests  : No active profile set, falling back to 1 default profile: "default"
2025-06-13T02:13:27.266+03:00  INFO 28032 --- [RegistrationModule] [           main] .s.d.r.c.RepositoryConfigurationDelegate : Multiple Spring Data modules found, entering strict repository configuration mode
2025-06-13T02:13:27.267+03:00  INFO 28032 --- [RegistrationModule] [           main] .s.d.r.c.RepositoryConfigurationDelegate : Bootstrapping Spring Data JPA repositories in DEFAULT mode.
2025-06-13T02:13:27.285+03:00  INFO 28032 --- [RegistrationModule] [           main] .s.d.r.c.RepositoryConfigurationDelegate : Finished Spring Data repository scanning in 18 ms. Found 5 JPA repository interfaces.
2025-06-13T02:13:27.287+03:00  INFO 28032 --- [RegistrationModule] [           main] .s.d.r.c.RepositoryConfigurationDelegate : Multiple Spring Data modules found, entering strict repository configuration mode
2025-06-13T02:13:27.287+03:00  INFO 28032 --- [RegistrationModule] [           main] .s.d.r.c.RepositoryConfigurationDelegate : Bootstrapping Spring Data Redis repositories in DEFAULT mode.
2025-06-13T02:13:27.293+03:00  INFO 28032 --- [RegistrationModule] [           main] .RepositoryConfigurationExtensionSupport : Spring Data Redis - Could not safely identify store assignment for repository candidate interface com.example.registrationmodule.repository.AdminRepository; If you want this repository to be a Redis repository, consider annotating your entities with one of these annotations: org.springframework.data.redis.core.RedisHash (preferred), or consider extending one of the following types with your repository: org.springframework.data.keyvalue.repository.KeyValueRepository
2025-06-13T02:13:27.294+03:00  INFO 28032 --- [RegistrationModule] [           main] .RepositoryConfigurationExtensionSupport : Spring Data Redis - Could not safely identify store assignment for repository candidate interface com.example.registrationmodule.repository.MediaRepository; If you want this repository to be a Redis repository, consider annotating your entities with one of these annotations: org.springframework.data.redis.core.RedisHash (preferred), or consider extending one of the following types with your repository: org.springframework.data.keyvalue.repository.KeyValueRepository
2025-06-13T02:13:27.294+03:00  INFO 28032 --- [RegistrationModule] [           main] .RepositoryConfigurationExtensionSupport : Spring Data Redis - Could not safely identify store assignment for repository candidate interface com.example.registrationmodule.repository.PetRepository; If you want this repository to be a Redis repository, consider annotating your entities with one of these annotations: org.springframework.data.redis.core.RedisHash (preferred), or consider extending one of the following types with your repository: org.springframework.data.keyvalue.repository.KeyValueRepository
2025-06-13T02:13:27.294+03:00  INFO 28032 --- [RegistrationModule] [           main] .RepositoryConfigurationExtensionSupport : Spring Data Redis - Could not safely identify store assignment for repository candidate interface com.example.registrationmodule.repository.RevokedRefreshTokenRepository; If you want this repository to be a Redis repository, consider annotating your entities with one of these annotations: org.springframework.data.redis.core.RedisHash (preferred), or consider extending one of the following types with your repository: org.springframework.data.keyvalue.repository.KeyValueRepository
2025-06-13T02:13:27.294+03:00  INFO 28032 --- [RegistrationModule] [           main] .RepositoryConfigurationExtensionSupport : Spring Data Redis - Could not safely identify store assignment for repository candidate interface com.example.registrationmodule.repository.UserRepository; If you want this repository to be a Redis repository, consider annotating your entities with one of these annotations: org.springframework.data.redis.core.RedisHash (preferred), or consider extending one of the following types with your repository: org.springframework.data.keyvalue.repository.KeyValueRepository
2025-06-13T02:13:27.294+03:00  INFO 28032 --- [RegistrationModule] [           main] .s.d.r.c.RepositoryConfigurationDelegate : Finished Spring Data repository scanning in 5 ms. Found 0 Redis repository interfaces.
2025-06-13T02:13:27.390+03:00  INFO 28032 --- [RegistrationModule] [           main] o.hibernate.jpa.internal.util.LogHelper  : HHH000204: Processing PersistenceUnitInfo [name: default]
2025-06-13T02:13:27.393+03:00  INFO 28032 --- [RegistrationModule] [           main] o.h.c.internal.RegionFactoryInitiator    : HHH000026: Second-level cache disabled
2025-06-13T02:13:27.399+03:00  INFO 28032 --- [RegistrationModule] [           main] o.s.o.j.p.SpringPersistenceUnitInfo      : No LoadTimeWeaver setup: ignoring JPA class transformer
2025-06-13T02:13:27.400+03:00  INFO 28032 --- [RegistrationModule] [           main] com.zaxxer.hikari.HikariDataSource       : HikariPool-7 - Starting...
2025-06-13T02:13:27.401+03:00  INFO 28032 --- [RegistrationModule] [           main] com.zaxxer.hikari.pool.HikariPool        : HikariPool-7 - Added connection conn60: url=jdbc:h2:mem:testdb user=SA
2025-06-13T02:13:27.401+03:00  INFO 28032 --- [RegistrationModule] [           main] com.zaxxer.hikari.HikariDataSource       : HikariPool-7 - Start completed.
2025-06-13T02:13:27.401+03:00  WARN 28032 --- [RegistrationModule] [           main] org.hibernate.orm.deprecation            : HHH90000025: H2Dialect does not need to be specified explicitly using 'hibernate.dialect' (remove the property setting and it will be selected by default)
2025-06-13T02:13:27.402+03:00  INFO 28032 --- [RegistrationModule] [           main] org.hibernate.orm.connections.pooling    : HHH10001005: Database info:
	Database JDBC URL [Connecting through datasource 'HikariDataSource (HikariPool-7)']
	Database driver: undefined/unknown
	Database version: 2.3.232
	Autocommit mode: undefined/unknown
	Isolation level: undefined/unknown
	Minimum pool size: undefined/unknown
	Maximum pool size: undefined/unknown
2025-06-13T02:13:27.455+03:00  INFO 28032 --- [RegistrationModule] [           main] o.h.e.t.j.p.i.JtaPlatformInitiator       : HHH000489: No JTA platform available (set 'hibernate.transaction.jta.platform' to enable JTA platform integration)
2025-06-13T02:13:27.463+03:00  INFO 28032 --- [RegistrationModule] [           main] j.LocalContainerEntityManagerFactoryBean : Initialized JPA EntityManagerFactory for persistence unit 'default'
2025-06-13T02:13:27.605+03:00  INFO 28032 --- [RegistrationModule] [           main] eAuthenticationProviderManagerConfigurer : Global AuthenticationManager configured with AuthenticationProvider bean with name authenticationProvider
2025-06-13T02:13:27.605+03:00  WARN 28032 --- [RegistrationModule] [           main] r$InitializeUserDetailsManagerConfigurer : Global AuthenticationManager configured with an AuthenticationProvider bean. UserDetailsService beans will not be used by Spring Security for automatically configuring username/password login. Consider removing the AuthenticationProvider bean. Alternatively, consider using the UserDetailsService in a manually instantiated DaoAuthenticationProvider. If the current configuration is intentional, to turn off this warning, increase the logging level of 'org.springframework.security.config.annotation.authentication.configuration.InitializeUserDetailsBeanManagerConfigurer' to ERROR
2025-06-13T02:13:27.831+03:00  WARN 28032 --- [RegistrationModule] [           main] JpaBaseConfiguration$JpaWebConfiguration : spring.jpa.open-in-view is enabled by default. Therefore, database queries may be performed during view rendering. Explicitly configure spring.jpa.open-in-view to disable this warning
2025-06-13T02:13:28.461+03:00  INFO 28032 --- [RegistrationModule] [           main] o.s.b.a.h2.H2ConsoleAutoConfiguration    : H2 console available at '/h2-console'. Database available at 'jdbc:h2:mem:testdb'
2025-06-13T02:13:28.534+03:00  INFO 28032 --- [RegistrationModule] [           main] o.s.b.t.m.w.SpringBootMockServletContext : Initializing Spring TestDispatcherServlet ''
2025-06-13T02:13:28.534+03:00  INFO 28032 --- [RegistrationModule] [           main] o.s.t.web.servlet.TestDispatcherServlet  : Initializing Servlet ''
2025-06-13T02:13:28.535+03:00  INFO 28032 --- [RegistrationModule] [           main] o.s.t.web.servlet.TestDispatcherServlet  : Completed initialization in 0 ms
2025-06-13T02:13:28.547+03:00  INFO 28032 --- [RegistrationModule] [           main] c.e.r.c.AdminControllerIntegrationTests  : Started AdminControllerIntegrationTests in 1.486 seconds (process running for 31.808)
this is the admin details superadminA
2025-06-13T02:13:30.836+03:00  INFO 28032 --- [RegistrationModule] [           main] j.LocalContainerEntityManagerFactoryBean : Closing JPA EntityManagerFactory for persistence unit 'default'
2025-06-13T02:13:30.836+03:00  INFO 28032 --- [RegistrationModule] [           main] com.zaxxer.hikari.HikariDataSource       : HikariPool-7 - Shutdown initiated...
2025-06-13T02:13:30.837+03:00  INFO 28032 --- [RegistrationModule] [           main] com.zaxxer.hikari.HikariDataSource       : HikariPool-7 - Shutdown completed.
]]></system-out>
  </testcase>
  <testcase name="testAdminLogout_AlreadyLoggedOut_ShouldReturnConflict" classname="com.example.registrationmodule.controller.AdminControllerIntegrationTests" time="1.631">
    <system-out><![CDATA[2025-06-13T02:13:30.839+03:00  INFO 28032 --- [RegistrationModule] [           main] o.s.b.d.r.RestartApplicationListener     : Restart disabled due to context in which it is running

  .   ____          _            __ _ _
 /\\ / ___'_ __ _ _(_)_ __  __ _ \ \ \ \
( ( )\___ | '_ | '_| | '_ \/ _` | \ \ \ \
 \\/  ___)| |_)| | | | | || (_| |  ) ) ) )
  '  |____| .__|_| |_|_| |_\__, | / / / /
 =========|_|==============|___/=/_/_/_/

 :: Spring Boot ::                (v3.4.3)

2025-06-13T02:13:30.852+03:00  INFO 28032 --- [RegistrationModule] [           main] c.e.r.c.AdminControllerIntegrationTests  : Starting AdminControllerIntegrationTests using Java 21.0.1 with PID 28032 (started by AliveTube in C:\Users\AliveTube\Documents\Projects CS50\Petzania\PetZania\Back-End\RegistrationModule)
2025-06-13T02:13:30.852+03:00  INFO 28032 --- [RegistrationModule] [           main] c.e.r.c.AdminControllerIntegrationTests  : No active profile set, falling back to 1 default profile: "default"
2025-06-13T02:13:30.988+03:00  INFO 28032 --- [RegistrationModule] [           main] .s.d.r.c.RepositoryConfigurationDelegate : Multiple Spring Data modules found, entering strict repository configuration mode
2025-06-13T02:13:30.988+03:00  INFO 28032 --- [RegistrationModule] [           main] .s.d.r.c.RepositoryConfigurationDelegate : Bootstrapping Spring Data JPA repositories in DEFAULT mode.
2025-06-13T02:13:31.001+03:00  INFO 28032 --- [RegistrationModule] [           main] .s.d.r.c.RepositoryConfigurationDelegate : Finished Spring Data repository scanning in 12 ms. Found 5 JPA repository interfaces.
2025-06-13T02:13:31.002+03:00  INFO 28032 --- [RegistrationModule] [           main] .s.d.r.c.RepositoryConfigurationDelegate : Multiple Spring Data modules found, entering strict repository configuration mode
2025-06-13T02:13:31.002+03:00  INFO 28032 --- [RegistrationModule] [           main] .s.d.r.c.RepositoryConfigurationDelegate : Bootstrapping Spring Data Redis repositories in DEFAULT mode.
2025-06-13T02:13:31.006+03:00  INFO 28032 --- [RegistrationModule] [           main] .RepositoryConfigurationExtensionSupport : Spring Data Redis - Could not safely identify store assignment for repository candidate interface com.example.registrationmodule.repository.AdminRepository; If you want this repository to be a Redis repository, consider annotating your entities with one of these annotations: org.springframework.data.redis.core.RedisHash (preferred), or consider extending one of the following types with your repository: org.springframework.data.keyvalue.repository.KeyValueRepository
2025-06-13T02:13:31.006+03:00  INFO 28032 --- [RegistrationModule] [           main] .RepositoryConfigurationExtensionSupport : Spring Data Redis - Could not safely identify store assignment for repository candidate interface com.example.registrationmodule.repository.MediaRepository; If you want this repository to be a Redis repository, consider annotating your entities with one of these annotations: org.springframework.data.redis.core.RedisHash (preferred), or consider extending one of the following types with your repository: org.springframework.data.keyvalue.repository.KeyValueRepository
2025-06-13T02:13:31.006+03:00  INFO 28032 --- [RegistrationModule] [           main] .RepositoryConfigurationExtensionSupport : Spring Data Redis - Could not safely identify store assignment for repository candidate interface com.example.registrationmodule.repository.PetRepository; If you want this repository to be a Redis repository, consider annotating your entities with one of these annotations: org.springframework.data.redis.core.RedisHash (preferred), or consider extending one of the following types with your repository: org.springframework.data.keyvalue.repository.KeyValueRepository
2025-06-13T02:13:31.006+03:00  INFO 28032 --- [RegistrationModule] [           main] .RepositoryConfigurationExtensionSupport : Spring Data Redis - Could not safely identify store assignment for repository candidate interface com.example.registrationmodule.repository.RevokedRefreshTokenRepository; If you want this repository to be a Redis repository, consider annotating your entities with one of these annotations: org.springframework.data.redis.core.RedisHash (preferred), or consider extending one of the following types with your repository: org.springframework.data.keyvalue.repository.KeyValueRepository
[...]
2025-06-13T02:14:05.487+03:00  INFO 28032 --- [RegistrationModule] [           main] c.e.r.c.AdminControllerIntegrationTests  : No active profile set, falling back to 1 default profile: "default"
2025-06-13T02:14:05.639+03:00  INFO 28032 --- [RegistrationModule] [           main] .s.d.r.c.RepositoryConfigurationDelegate : Multiple Spring Data modules found, entering strict repository configuration mode
2025-06-13T02:14:05.639+03:00  INFO 28032 --- [RegistrationModule] [           main] .s.d.r.c.RepositoryConfigurationDelegate : Bootstrapping Spring Data JPA repositories in DEFAULT mode.
2025-06-13T02:14:05.653+03:00  INFO 28032 --- [RegistrationModule] [           main] .s.d.r.c.RepositoryConfigurationDelegate : Finished Spring Data repository scanning in 13 ms. Found 5 JPA repository interfaces.
2025-06-13T02:14:05.654+03:00  INFO 28032 --- [RegistrationModule] [           main] .s.d.r.c.RepositoryConfigurationDelegate : Multiple Spring Data modules found, entering strict repository configuration mode
2025-06-13T02:14:05.654+03:00  INFO 28032 --- [RegistrationModule] [           main] .s.d.r.c.RepositoryConfigurationDelegate : Bootstrapping Spring Data Redis repositories in DEFAULT mode.
2025-06-13T02:14:05.658+03:00  INFO 28032 --- [RegistrationModule] [           main] .RepositoryConfigurationExtensionSupport : Spring Data Redis - Could not safely identify store assignment for repository candidate interface com.example.registrationmodule.repository.AdminRepository; If you want this repository to be a Redis repository, consider annotating your entities with one of these annotations: org.springframework.data.redis.core.RedisHash (preferred), or consider extending one of the following types with your repository: org.springframework.data.keyvalue.repository.KeyValueRepository
2025-06-13T02:14:05.658+03:00  INFO 28032 --- [RegistrationModule] [           main] .RepositoryConfigurationExtensionSupport : Spring Data Redis - Could not safely identify store assignment for repository candidate interface com.example.registrationmodule.repository.MediaRepository; If you want this repository to be a Redis repository, consider annotating your entities with one of these annotations: org.springframework.data.redis.core.RedisHash (preferred), or consider extending one of the following types with your repository: org.springframework.data.keyvalue.repository.KeyValueRepository
2025-06-13T02:14:05.658+03:00  INFO 28032 --- [RegistrationModule] [           main] .RepositoryConfigurationExtensionSupport : Spring Data Redis - Could not safely identify store assignment for repository candidate interface com.example.registrationmodule.repository.PetRepository; If you want this repository to be a Redis repository, consider annotating your entities with one of these annotations: org.springframework.data.redis.core.RedisHash (preferred), or consider extending one of the following types with your repository: org.springframework.data.keyvalue.repository.KeyValueRepository
2025-06-13T02:14:05.658+03:00  INFO 28032 --- [RegistrationModule] [           main] .RepositoryConfigurationExtensionSupport : Spring Data Redis - Could not safely identify store assignment for repository candidate interface com.example.registrationmodule.repository.RevokedRefreshTokenRepository; If you want this repository to be a Redis repository, consider annotating your entities with one of these annotations: org.springframework.data.redis.core.RedisHash (preferred), or consider extending one of the following types with your repository: org.springframework.data.keyvalue.repository.KeyValueRepository
2025-06-13T02:14:05.658+03:00  INFO 28032 --- [RegistrationModule] [           main] .RepositoryConfigurationExtensionSupport : Spring Data Redis - Could not safely identify store assignment for repository candidate interface com.example.registrationmodule.repository.UserRepository; If you want this repository to be a Redis repository, consider annotating your entities with one of these annotations: org.springframework.data.redis.core.RedisHash (preferred), or consider extending one of the following types with your repository: org.springframework.data.keyvalue.repository.KeyValueRepository
2025-06-13T02:14:05.658+03:00  INFO 28032 --- [RegistrationModule] [           main] .s.d.r.c.RepositoryConfigurationDelegate : Finished Spring Data repository scanning in 3 ms. Found 0 Redis repository interfaces.
2025-06-13T02:14:05.727+03:00  INFO 28032 --- [RegistrationModule] [           main] o.hibernate.jpa.internal.util.LogHelper  : HHH000204: Processing PersistenceUnitInfo [name: default]
2025-06-13T02:14:05.729+03:00  INFO 28032 --- [RegistrationModule] [           main] o.h.c.internal.RegionFactoryInitiator    : HHH000026: Second-level cache disabled
2025-06-13T02:14:05.735+03:00  INFO 28032 --- [RegistrationModule] [           main] o.s.o.j.p.SpringPersistenceUnitInfo      : No LoadTimeWeaver setup: ignoring JPA class transformer
2025-06-13T02:14:05.736+03:00  INFO 28032 --- [RegistrationModule] [           main] com.zaxxer.hikari.HikariDataSource       : HikariPool-17 - Starting...
2025-06-13T02:14:05.737+03:00  INFO 28032 --- [RegistrationModule] [           main] com.zaxxer.hikari.pool.HikariPool        : HikariPool-17 - Added connection conn160: url=jdbc:h2:mem:testdb user=SA
2025-06-13T02:14:05.737+03:00  INFO 28032 --- [RegistrationModule] [           main] com.zaxxer.hikari.HikariDataSource       : HikariPool-17 - Start completed.
2025-06-13T02:14:05.737+03:00  WARN 28032 --- [RegistrationModule] [           main] org.hibernate.orm.deprecation            : HHH90000025: H2Dialect does not need to be specified explicitly using 'hibernate.dialect' (remove the property setting and it will be selected by default)
2025-06-13T02:14:05.738+03:00  INFO 28032 --- [RegistrationModule] [           main] org.hibernate.orm.connections.pooling    : HHH10001005: Database info:
	Database JDBC URL [Connecting through datasource 'HikariDataSource (HikariPool-17)']
	Database driver: undefined/unknown
	Database version: 2.3.232
	Autocommit mode: undefined/unknown
	Isolation level: undefined/unknown
	Minimum pool size: undefined/unknown
	Maximum pool size: undefined/unknown
2025-06-13T02:14:05.773+03:00  INFO 28032 --- [RegistrationModule] [           main] o.h.e.t.j.p.i.JtaPlatformInitiator       : HHH000489: No JTA platform available (set 'hibernate.transaction.jta.platform' to enable JTA platform integration)
2025-06-13T02:14:05.777+03:00  INFO 28032 --- [RegistrationModule] [           main] j.LocalContainerEntityManagerFactoryBean : Initialized JPA EntityManagerFactory for persistence unit 'default'
2025-06-13T02:14:05.880+03:00  INFO 28032 --- [RegistrationModule] [           main] eAuthenticationProviderManagerConfigurer : Global AuthenticationManager configured with AuthenticationProvider bean with name authenticationProvider
2025-06-13T02:14:05.880+03:00  WARN 28032 --- [RegistrationModule] [           main] r$InitializeUserDetailsManagerConfigurer : Global AuthenticationManager configured with an AuthenticationProvider bean. UserDetailsService beans will not be used by Spring Security for automatically configuring username/password login. Consider removing the AuthenticationProvider bean. Alternatively, consider using the UserDetailsService in a manually instantiated DaoAuthenticationProvider. If the current configuration is intentional, to turn off this warning, increase the logging level of 'org.springframework.security.config.annotation.authentication.configuration.InitializeUserDetailsBeanManagerConfigurer' to ERROR
2025-06-13T02:14:06.080+03:00  WARN 28032 --- [RegistrationModule] [           main] JpaBaseConfiguration$JpaWebConfiguration : spring.jpa.open-in-view is enabled by default. Therefore, database queries may be performed during view rendering. Explicitly configure spring.jpa.open-in-view to disable this warning
2025-06-13T02:14:06.496+03:00  INFO 28032 --- [RegistrationModule] [           main] o.s.b.a.h2.H2ConsoleAutoConfiguration    : H2 console available at '/h2-console'. Database available at 'jdbc:h2:mem:testdb'
2025-06-13T02:14:06.548+03:00  INFO 28032 --- [RegistrationModule] [           main] o.s.b.t.m.w.SpringBootMockServletContext : Initializing Spring TestDispatcherServlet ''
2025-06-13T02:14:06.548+03:00  INFO 28032 --- [RegistrationModule] [           main] o.s.t.web.servlet.TestDispatcherServlet  : Initializing Servlet ''
2025-06-13T02:14:06.548+03:00  INFO 28032 --- [RegistrationModule] [           main] o.s.t.web.servlet.TestDispatcherServlet  : Completed initialization in 0 ms
2025-06-13T02:14:06.557+03:00  INFO 28032 --- [RegistrationModule] [           main] c.e.r.c.AdminControllerIntegrationTests  : Started AdminControllerIntegrationTests in 1.081 seconds (process running for 69.817)
this is the admin details superadminA
2025-06-13T02:14:08.741+03:00  INFO 28032 --- [RegistrationModule] [           main] j.LocalContainerEntityManagerFactoryBean : Closing JPA EntityManagerFactory for persistence unit 'default'
2025-06-13T02:14:08.741+03:00  INFO 28032 --- [RegistrationModule] [           main] com.zaxxer.hikari.HikariDataSource       : HikariPool-17 - Shutdown initiated...
2025-06-13T02:14:08.741+03:00  INFO 28032 --- [RegistrationModule] [           main] com.zaxxer.hikari.HikariDataSource       : HikariPool-17 - Shutdown completed.
]]></system-out>
  </testcase>
  <testcase name="testCreateAdmin_AsRegularAdmin_ShouldReturnForbidden" classname="com.example.registrationmodule.controller.AdminControllerIntegrationTests" time="0.999">
    <system-out><![CDATA[2025-06-13T02:14:08.743+03:00  INFO 28032 --- [RegistrationModule] [           main] o.s.b.d.r.RestartApplicationListener     : Restart disabled due to context in which it is running

  .   ____          _            __ _ _
 /\\ / ___'_ __ _ _(_)_ __  __ _ \ \ \ \
( ( )\___ | '_ | '_| | '_ \/ _` | \ \ \ \
 \\/  ___)| |_)| | | | | || (_| |  ) ) ) )
  '  |____| .__|_| |_|_| |_\__, | / / / /
 =========|_|==============|___/=/_/_/_/

 :: Spring Boot ::                (v3.4.3)

2025-06-13T02:14:08.754+03:00  INFO 28032 --- [RegistrationModule] [           main] c.e.r.c.AdminControllerIntegrationTests  : Starting AdminControllerIntegrationTests using Java 21.0.1 with PID 28032 (started by AliveTube in C:\Users\AliveTube\Documents\Projects CS50\Petzania\PetZania\Back-End\RegistrationModule)
2025-06-13T02:14:08.754+03:00  INFO 28032 --- [RegistrationModule] [           main] c.e.r.c.AdminControllerIntegrationTests  : No active profile set, falling back to 1 default profile: "default"
2025-06-13T02:14:08.882+03:00  INFO 28032 --- [RegistrationModule] [           main] .s.d.r.c.RepositoryConfigurationDelegate : Multiple Spring Data modules found, entering strict repository configuration mode
2025-06-13T02:14:08.882+03:00  INFO 28032 --- [RegistrationModule] [           main] .s.d.r.c.RepositoryConfigurationDelegate : Bootstrapping Spring Data JPA repositories in DEFAULT mode.
2025-06-13T02:14:08.893+03:00  INFO 28032 --- [RegistrationModule] [           main] .s.d.r.c.RepositoryConfigurationDelegate : Finished Spring Data repository scanning in 11 ms. Found 5 JPA repository interfaces.
2025-06-13T02:14:08.894+03:00  INFO 28032 --- [RegistrationModule] [           main] .s.d.r.c.RepositoryConfigurationDelegate : Multiple Spring Data modules found, entering strict repository configuration mode
2025-06-13T02:14:08.894+03:00  INFO 28032 --- [RegistrationModule] [           main] .s.d.r.c.RepositoryConfigurationDelegate : Bootstrapping Spring Data Redis repositories in DEFAULT mode.
2025-06-13T02:14:08.898+03:00  INFO 28032 --- [RegistrationModule] [           main] .RepositoryConfigurationExtensionSupport : Spring Data Redis - Could not safely identify store assignment for repository candidate interface com.example.registrationmodule.repository.AdminRepository; If you want this repository to be a Redis repository, consider annotating your entities with one of these annotations: org.springframework.data.redis.core.RedisHash (preferred), or consider extending one of the following types with your repository: org.springframework.data.keyvalue.repository.KeyValueRepository
2025-06-13T02:14:08.898+03:00  INFO 28032 --- [RegistrationModule] [           main] .RepositoryConfigurationExtensionSupport : Spring Data Redis - Could not safely identify store assignment for repository candidate interface com.example.registrationmodule.repository.MediaRepository; If you want this repository to be a Redis repository, consider annotating your entities with one of these annotations: org.springframework.data.redis.core.RedisHash (preferred), or consider extending one of the following types with your repository: org.springframework.data.keyvalue.repository.KeyValueRepository
2025-06-13T02:14:08.898+03:00  INFO 28032 --- [RegistrationModule] [           main] .RepositoryConfigurationExtensionSupport : Spring Data Redis - Could not safely identify store assignment for repository candidate interface com.example.registrationmodule.repository.PetRepository; If you want this repository to be a Redis repository, consider annotating your entities with one of these annotations: org.springframework.data.redis.core.RedisHash (preferred), or consider extending one of the following types with your repository: org.springframework.data.keyvalue.repository.KeyValueRepository
2025-06-13T02:14:08.898+03:00  INFO 28032 --- [RegistrationModule] [           main] .RepositoryConfigurationExtensionSupport : Spring Data Redis - Could not safely identify store assignment for repository candidate interface com.example.registrationmodule.repository.RevokedRefreshTokenRepository; If you want this repository to be a Redis repository, consider annotating your entities with one of these annotations: org.springframework.data.redis.core.RedisHash (preferred), or consider extending one of the following types with your repository: org.springframework.data.keyvalue.repository.KeyValueRepository
2025-06-13T02:14:08.898+03:00  INFO 28032 --- [RegistrationModule] [           main] .RepositoryConfigurationExtensionSupport : Spring Data Redis - Could not safely identify store assignment for repository candidate interface com.example.registrationmodule.repository.UserRepository; If you want this repository to be a Redis repository, consider annotating your entities with one of these annotations: org.springframework.data.redis.core.RedisHash (preferred), or consider extending one of the following types with your repository: org.springframework.data.keyvalue.repository.KeyValueRepository
2025-06-13T02:14:08.898+03:00  INFO 28032 --- [RegistrationModule] [           main] .s.d.r.c.RepositoryConfigurationDelegate : Finished Spring Data repository scanning in 3 ms. Found 0 Redis repository interfaces.
2025-06-13T02:14:08.960+03:00  INFO 28032 --- [RegistrationModule] [           main] o.hibernate.jpa.internal.util.LogHelper  : HHH000204: Processing PersistenceUnitInfo [name: default]
2025-06-13T02:14:08.961+03:00  INFO 28032 --- [RegistrationModule] [           main] o.h.c.internal.RegionFactoryInitiator    : HHH000026: Second-level cache disabled
2025-06-13T02:14:08.967+03:00  INFO 28032 --- [RegistrationModule] [           main] o.s.o.j.p.SpringPersistenceUnitInfo      : No LoadTimeWeaver setup: ignoring JPA class transformer
2025-06-13T02:14:08.967+03:00  INFO 28032 --- [RegistrationModule] [           main] com.zaxxer.hikari.HikariDataSource       : HikariPool-18 - Starting...
2025-06-13T02:14:08.968+03:00  INFO 28032 --- [RegistrationModule] [           main] com.zaxxer.hikari.pool.HikariPool        : HikariPool-18 - Added connection conn170: url=jdbc:h2:mem:testdb user=SA
2025-06-13T02:14:08.968+03:00  INFO 28032 --- [RegistrationModule] [           main] com.zaxxer.hikari.HikariDataSource       : HikariPool-18 - Start completed.
2025-06-13T02:14:08.968+03:00  WARN 28032 --- [RegistrationModule] [           main] org.hibernate.orm.deprecation            : HHH90000025: H2Dialect does not need to be specified explicitly using 'hibernate.dialect' (remove the property setting and it will be selected by default)
2025-06-13T02:14:08.969+03:00  INFO 28032 --- [RegistrationModule] [           main] org.hibernate.orm.connections.pooling    : HHH10001005: Database info:
	Database JDBC URL [Connecting through datasource 'HikariDataSource (HikariPool-18)']
	Database driver: undefined/unknown
	Database version: 2.3.232
	Autocommit mode: undefined/unknown
	Isolation level: undefined/unknown
	Minimum pool size: undefined/unknown
	Maximum pool size: undefined/unknown
2025-06-13T02:14:09.005+03:00  INFO 28032 --- [RegistrationModule] [           main] o.h.e.t.j.p.i.JtaPlatformInitiator       : HHH000489: No JTA platform available (set 'hibernate.transaction.jta.platform' to enable JTA platform integration)
2025-06-13T02:14:09.009+03:00  INFO 28032 --- [RegistrationModule] [           main] j.LocalContainerEntityManagerFactoryBean : Initialized JPA EntityManagerFactory for persistence unit 'default'
2025-06-13T02:14:09.109+03:00  INFO 28032 --- [RegistrationModule] [           main] eAuthenticationProviderManagerConfigurer : Global AuthenticationManager configured with AuthenticationProvider bean with name authenticationProvider
2025-06-13T02:14:09.109+03:00  WARN 28032 --- [RegistrationModule] [           main] r$InitializeUserDetailsManagerConfigurer : Global AuthenticationManager configured with an AuthenticationProvider bean. UserDetailsService beans will not be used by Spring Security for automatically configuring username/password login. Consider removing the AuthenticationProvider bean. Alternatively, consider using the UserDetailsService in a manually instantiated DaoAuthenticationProvider. If the current configuration is intentional, to turn off this warning, increase the logging level of 'org.springframework.security.config.annotation.authentication.configuration.InitializeUserDetailsBeanManagerConfigurer' to ERROR
2025-06-13T02:14:09.296+03:00  WARN 28032 --- [RegistrationModule] [           main] JpaBaseConfiguration$JpaWebConfiguration : spring.jpa.open-in-view is enabled by default. Therefore, database queries may be performed during view rendering. Explicitly configure spring.jpa.open-in-view to disable this warning
2025-06-13T02:14:09.716+03:00  INFO 28032 --- [RegistrationModule] [           main] o.s.b.a.h2.H2ConsoleAutoConfiguration    : H2 console available at '/h2-console'. Database available at 'jdbc:h2:mem:testdb'
2025-06-13T02:14:09.765+03:00  INFO 28032 --- [RegistrationModule] [           main] o.s.b.t.m.w.SpringBootMockServletContext : Initializing Spring TestDispatcherServlet ''
2025-06-13T02:14:09.765+03:00  INFO 28032 --- [RegistrationModule] [           main] o.s.t.web.servlet.TestDispatcherServlet  : Initializing Servlet ''
2025-06-13T02:14:09.765+03:00  INFO 28032 --- [RegistrationModule] [           main] o.s.t.web.servlet.TestDispatcherServlet  : Completed initialization in 0 ms
2025-06-13T02:14:09.775+03:00  INFO 28032 --- [RegistrationModule] [           main] c.e.r.c.AdminControllerIntegrationTests  : Started AdminControllerIntegrationTests in 1.032 seconds (process running for 73.035)
this is the admin details admin
2025-06-13T02:14:11.928+03:00  INFO 28032 --- [RegistrationModule] [           main] j.LocalContainerEntityManagerFactoryBean : Closing JPA EntityManagerFactory for persistence unit 'default'
2025-06-13T02:14:11.928+03:00  INFO 28032 --- [RegistrationModule] [           main] com.zaxxer.hikari.HikariDataSource       : HikariPool-18 - Shutdown initiated...
2025-06-13T02:14:11.929+03:00  INFO 28032 --- [RegistrationModule] [           main] com.zaxxer.hikari.HikariDataSource       : HikariPool-18 - Shutdown completed.
]]></system-out>
  </testcase>
</testsuite>