<?xml version="1.0" encoding="UTF-8"?>
<testsuite xmlns:xsi="http://www.w3.org/2001/XMLSchema-instance" xsi:noNamespaceSchemaLocation="https://maven.apache.org/surefire/maven-surefire-plugin/xsd/surefire-test-report.xsd" version="3.0.2" name="com.example.registrationmodule.controller.PetControllerIntegrationTests" time="40.592" tests="14" errors="0" skipped="0" failures="0">
  <properties>
[...]
</properties>
  <testcase name="testDeletePetByInvalidPetId" classname="com.example.registrationmodule.controller.PetControllerIntegrationTests" time="0.628">
    <system-out><![CDATA[2025-06-13T02:14:11.933+03:00  INFO 28032 --- [RegistrationModule] [           main] t.c.s.AnnotationConfigContextLoaderUtils : Could not detect default configuration classes for test class [com.example.registrationmodule.controller.PetControllerIntegrationTests]: PetControllerIntegrationTests does not declare any static, non-private, non-final, nested classes annotated with @Configuration.
2025-06-13T02:14:11.935+03:00  INFO 28032 --- [RegistrationModule] [           main] .b.t.c.SpringBootTestContextBootstrapper : Found @SpringBootConfiguration com.example.registrationmodule.RegistrationModuleApplication for test class com.example.registrationmodule.controller.PetControllerIntegrationTests
2025-06-13T02:14:11.937+03:00  INFO 28032 --- [RegistrationModule] [           main] o.s.b.d.r.RestartApplicationListener     : Restart disabled due to context in which it is running

  .   ____          _            __ _ _
 /\\ / ___'_ __ _ _(_)_ __  __ _ \ \ \ \
( ( )\___ | '_ | '_| | '_ \/ _` | \ \ \ \
 \\/  ___)| |_)| | | | | || (_| |  ) ) ) )
  '  |____| .__|_| |_|_| |_\__, | / / / /
 =========|_|==============|___/=/_/_/_/

 :: Spring Boot ::                (v3.4.3)

2025-06-13T02:14:11.951+03:00  INFO 28032 --- [RegistrationModule] [           main] c.e.r.c.PetControllerIntegrationTests    : Starting PetControllerIntegrationTests using Java 21.0.1 with PID 28032 (started by AliveTube in C:\Users\AliveTube\Documents\Projects CS50\Petzania\PetZania\Back-End\RegistrationModule)
2025-06-13T02:14:11.951+03:00  INFO 28032 --- [RegistrationModule] [           main] c.e.r.c.PetControllerIntegrationTests    : No active profile set, falling back to 1 default profile: "default"
2025-06-13T02:14:12.094+03:00  INFO 28032 --- [RegistrationModule] [           main] .s.d.r.c.RepositoryConfigurationDelegate : Multiple Spring Data modules found, entering strict repository configuration mode
2025-06-13T02:14:12.094+03:00  INFO 28032 --- [RegistrationModule] [           main] .s.d.r.c.RepositoryConfigurationDelegate : Bootstrapping Spring Data JPA repositories in DEFAULT mode.
2025-06-13T02:14:12.109+03:00  INFO 28032 --- [RegistrationModule] [           main] .s.d.r.c.RepositoryConfigurationDelegate : Finished Spring Data repository scanning in 14 ms. Found 5 JPA repository interfaces.
2025-06-13T02:14:12.111+03:00  INFO 28032 --- [RegistrationModule] [           main] .s.d.r.c.RepositoryConfigurationDelegate : Multiple Spring Data modules found, entering strict repository configuration mode
2025-06-13T02:14:12.111+03:00  INFO 28032 --- [RegistrationModule] [           main] .s.d.r.c.RepositoryConfigurationDelegate : Bootstrapping Spring Data Redis repositories in DEFAULT mode.
2025-06-13T02:14:12.115+03:00  INFO 28032 --- [RegistrationModule] [           main] .RepositoryConfigurationExtensionSupport : Spring Data Redis - Could not safely identify store assignment for repository candidate interface com.example.registrationmodule.repository.AdminRepository; If you want this repository to be a Redis repository, consider annotating your entities with one of these annotations: org.springframework.data.redis.core.RedisHash (preferred), or consider extending one of the following types with your repository: org.springframework.data.keyvalue.repository.KeyValueRepository
2025-06-13T02:14:12.115+03:00  INFO 28032 --- [RegistrationModule] [           main] .RepositoryConfigurationExtensionSupport : Spring Data Redis - Could not safely identify store assignment for repository candidate interface com.example.registrationmodule.repository.MediaRepository; If you want this repository to be a Redis repository, consider annotating your entities with one of these annotations: org.springframework.data.redis.core.RedisHash (preferred), or consider extending one of the following types with your repository: org.springframework.data.keyvalue.repository.KeyValueRepository
2025-06-13T02:14:12.115+03:00  INFO 28032 --- [RegistrationModule] [           main] .RepositoryConfigurationExtensionSupport : Spring Data Redis - Could not safely identify store assignment for repository candidate interface com.example.registrationmodule.repository.PetRepository; If you want this repository to be a Redis repository, consider annotating your entities with one of these annotations: org.springframework.data.redis.core.RedisHash (preferred), or consider extending one of the following types with your repository: org.springframework.data.keyvalue.repository.KeyValueRepository
2025-06-13T02:14:12.115+03:00  INFO 28032 --- [RegistrationModule] [           main] .RepositoryConfigurationExtensionSupport : Spring Data Redis - Could not safely identify store assignment for repository candidate interface com.example.registrationmodule.repository.RevokedRefreshTokenRepository; If you want this repository to be a Redis repository, consider annotating your entities with one of these annotations: org.springframework.data.redis.core.RedisHash (preferred), or consider extending one of the following types with your repository: org.springframework.data.keyvalue.repository.KeyValueRepository
2025-06-13T02:14:12.115+03:00  INFO 28032 --- [RegistrationModule] [           main] .RepositoryConfigurationExtensionSupport : Spring Data Redis - Could not safely identify store assignment for repository candidate interface com.example.registrationmodule.repository.UserRepository; If you want this repository to be a Redis repository, consider annotating your entities with one of these annotations: org.springframework.data.redis.core.RedisHash (preferred), or consider extending one of the following types with your repository: org.springframework.data.keyvalue.repository.KeyValueRepository
2025-06-13T02:14:12.115+03:00  INFO 28032 --- [RegistrationModule] [           main] .s.d.r.c.RepositoryConfigurationDelegate : Finished Spring Data repository scanning in 3 ms. Found 0 Redis repository interfaces.
2025-06-13T02:14:12.178+03:00  INFO 28032 --- [RegistrationModule] [           main] o.hibernate.jpa.internal.util.LogHelper  : HHH000204: Processing PersistenceUnitInfo [name: default]
2025-06-13T02:14:12.180+03:00  INFO 28032 --- [RegistrationModule] [           main] o.h.c.internal.RegionFactoryInitiator    : HHH000026: Second-level cache disabled
2025-06-13T02:14:12.184+03:00  INFO 28032 --- [RegistrationModule] [           main] o.s.o.j.p.SpringPersistenceUnitInfo      : No LoadTimeWeaver setup: ignoring JPA class transformer
2025-06-13T02:14:12.184+03:00  INFO 28032 --- [RegistrationModule] [           main] com.zaxxer.hikari.HikariDataSource       : HikariPool-19 - Starting...
2025-06-13T02:14:12.185+03:00  INFO 28032 --- [RegistrationModule] [           main] com.zaxxer.hikari.pool.HikariPool        : HikariPool-19 - Added connection conn180: url=jdbc:h2:mem:testdb user=SA
2025-06-13T02:14:12.185+03:00  INFO 28032 --- [RegistrationModule] [           main] com.zaxxer.hikari.HikariDataSource       : HikariPool-19 - Start completed.
2025-06-13T02:14:12.186+03:00  WARN 28032 --- [RegistrationModule] [           main] org.hibernate.orm.deprecation            : HHH90000025: H2Dialect does not need to be specified explicitly using 'hibernate.dialect' (remove the property setting and it will be selected by default)
2025-06-13T02:14:12.186+03:00  INFO 28032 --- [RegistrationModule] [           main] org.hibernate.orm.connections.pooling    : HHH10001005: Database info:
	Database JDBC URL [Connecting through datasource 'HikariDataSource (HikariPool-19)']
	Database driver: undefined/unknown
	Database version: 2.3.232
	Autocommit mode: undefined/unknown
	Isolation level: undefined/unknown
	Minimum pool size: undefined/unknown
	Maximum pool size: undefined/unknown
2025-06-13T02:14:12.221+03:00  INFO 28032 --- [RegistrationModule] [           main] o.h.e.t.j.p.i.JtaPlatformInitiator       : HHH000489: No JTA platform available (set 'hibernate.transaction.jta.platform' to enable JTA platform integration)
2025-06-13T02:14:12.224+03:00  INFO 28032 --- [RegistrationModule] [           main] j.LocalContainerEntityManagerFactoryBean : Initialized JPA EntityManagerFactory for persistence unit 'default'
2025-06-13T02:14:12.336+03:00  INFO 28032 --- [RegistrationModule] [           main] eAuthenticationProviderManagerConfigurer : Global AuthenticationManager configured with AuthenticationProvider bean with name authenticationProvider
2025-06-13T02:14:12.336+03:00  WARN 28032 --- [RegistrationModule] [           main] r$InitializeUserDetailsManagerConfigurer : Global AuthenticationManager configured with an AuthenticationProvider bean. UserDetailsService beans will not be used by Spring Security for automatically configuring username/password login. Consider removing the AuthenticationProvider bean. Alternatively, consider using the UserDetailsService in a manually instantiated DaoAuthenticationProvider. If the current configuration is intentional, to turn off this warning, increase the logging level of 'org.springframework.security.config.annotation.authentication.configuration.InitializeUserDetailsBeanManagerConfigurer' to ERROR
2025-06-13T02:14:12.514+03:00  WARN 28032 --- [RegistrationModule] [           main] JpaBaseConfiguration$JpaWebConfiguration : spring.jpa.open-in-view is enabled by default. Therefore, database queries may be performed during view rendering. Explicitly configure spring.jpa.open-in-view to disable this warning
2025-06-13T02:14:12.937+03:00  INFO 28032 --- [RegistrationModule] [           main] o.s.b.a.h2.H2ConsoleAutoConfiguration    : H2 console available at '/h2-console'. Database available at 'jdbc:h2:mem:testdb'
2025-06-13T02:14:12.986+03:00  INFO 28032 --- [RegistrationModule] [           main] o.s.b.t.m.w.SpringBootMockServletContext : Initializing Spring TestDispatcherServlet ''
2025-06-13T02:14:12.986+03:00  INFO 28032 --- [RegistrationModule] [           main] o.s.t.web.servlet.TestDispatcherServlet  : Initializing Servlet ''
2025-06-13T02:14:12.986+03:00  INFO 28032 --- [RegistrationModule] [           main] o.s.t.web.servlet.TestDispatcherServlet  : Completed initialization in 0 ms
2025-06-13T02:14:12.995+03:00  INFO 28032 --- [RegistrationModule] [           main] c.e.r.c.PetControllerIntegrationTests    : Started PetControllerIntegrationTests in 1.059 seconds (process running for 76.256)
valid credentials
this is the user details test@example.com
2025-06-13T02:14:14.773+03:00  INFO 28032 --- [RegistrationModule] [           main] j.LocalContainerEntityManagerFactoryBean : Closing JPA EntityManagerFactory for persistence unit 'default'
2025-06-13T02:14:14.773+03:00  INFO 28032 --- [RegistrationModule] [           main] com.zaxxer.hikari.HikariDataSource       : HikariPool-19 - Shutdown initiated...
2025-06-13T02:14:14.773+03:00  INFO 28032 --- [RegistrationModule] [           main] com.zaxxer.hikari.HikariDataSource       : HikariPool-19 - Shutdown completed.
]]></system-out>
  </testcase>
  <testcase name="testUpdatePetByValidPetId" classname="com.example.registrationmodule.controller.PetControllerIntegrationTests" time="2.835">
    <system-out><![CDATA[2025-06-13T02:14:14.775+03:00  INFO 28032 --- [RegistrationModule] [           main] o.s.b.d.r.RestartApplicationListener     : Restart disabled due to context in which it is running

  .   ____          _            __ _ _
 /\\ / ___'_ __ _ _(_)_ __  __ _ \ \ \ \
( ( )\___ | '_ | '_| | '_ \/ _` | \ \ \ \
 \\/  ___)| |_)| | | | | || (_| |  ) ) ) )
  '  |____| .__|_| |_|_| |_\__, | / / / /
 =========|_|==============|___/=/_/_/_/

 :: Spring Boot ::                (v3.4.3)

2025-06-13T02:14:14.785+03:00  INFO 28032 --- [RegistrationModule] [           main] c.e.r.c.PetControllerIntegrationTests    : Starting PetControllerIntegrationTests using Java 21.0.1 with PID 28032 (started by AliveTube in C:\Users\AliveTube\Documents\Projects CS50\Petzania\PetZania\Back-End\RegistrationModule)
2025-06-13T02:14:14.785+03:00  INFO 28032 --- [RegistrationModule] [           main] c.e.r.c.PetControllerIntegrationTests    : No active profile set, falling back to 1 default profile: "default"
2025-06-13T02:14:14.921+03:00  INFO 28032 --- [RegistrationModule] [           main] .s.d.r.c.RepositoryConfigurationDelegate : Multiple Spring Data modules found, entering strict repository configuration mode
2025-06-13T02:14:14.921+03:00  INFO 28032 --- [RegistrationModule] [           main] .s.d.r.c.RepositoryConfigurationDelegate : Bootstrapping Spring Data JPA repositories in DEFAULT mode.
2025-06-13T02:14:14.933+03:00  INFO 28032 --- [RegistrationModule] [           main] .s.d.r.c.RepositoryConfigurationDelegate : Finished Spring Data repository scanning in 11 ms. Found 5 JPA repository interfaces.
2025-06-13T02:14:14.934+03:00  INFO 28032 --- [RegistrationModule] [           main] .s.d.r.c.RepositoryConfigurationDelegate : Multiple Spring Data modules found, entering strict repository configuration mode
2025-06-13T02:14:14.934+03:00  INFO 28032 --- [RegistrationModule] [           main] .s.d.r.c.RepositoryConfigurationDelegate : Bootstrapping Spring Data Redis repositories in DEFAULT mode.
2025-06-13T02:14:14.938+03:00  INFO 28032 --- [RegistrationModule] [           main] .RepositoryConfigurationExtensionSupport : Spring Data Redis - Could not safely identify store assignment for repository candidate interface com.example.registrationmodule.repository.AdminRepository; If you want this repository to be a Redis repository, consider annotating your entities with one of these annotations: org.springframework.data.redis.core.RedisHash (preferred), or consider extending one of the following types with your repository: org.springframework.data.keyvalue.repository.KeyValueRepository
2025-06-13T02:14:14.938+03:00  INFO 28032 --- [RegistrationModule] [           main] .RepositoryConfigurationExtensionSupport : Spring Data Redis - Could not safely identify store assignment for repository candidate interface com.example.registrationmodule.repository.MediaRepository; If you want this repository to be a Redis repository, consider annotating your entities with one of these annotations: org.springframework.data.redis.core.RedisHash (preferred), or consider extending one of the following types with your repository: org.springframework.data.keyvalue.repository.KeyValueRepository
2025-06-13T02:14:14.938+03:00  INFO 28032 --- [RegistrationModule] [           main] .RepositoryConfigurationExtensionSupport : Spring Data Redis - Could not safely identify store assignment for repository candidate interface com.example.registrationmodule.repository.PetRepository; If you want this repository to be a Redis repository, consider annotating your entities with one of these annotations: org.springframework.data.redis.core.RedisHash (preferred), or consider extending one of the following types with your repository: org.springframework.data.keyvalue.repository.KeyValueRepository
2025-06-13T02:14:14.938+03:00  INFO 28032 --- [RegistrationModule] [           main] .RepositoryConfigurationExtensionSupport : Spring Data Redis - Could not safely identify store assignment for repository candidate interface com.example.registrationmodule.repository.RevokedRefreshTokenRepository; If you want this repository to be a Redis repository, consider annotating your entities with one of these annotations: org.springframework.data.redis.core.RedisHash (preferred), or consider extending one of the following types with your repository: org.springframework.data.keyvalue.repository.KeyValueRepository
2025-06-13T02:14:14.938+03:00  INFO 28032 --- [RegistrationModule] [           main] .RepositoryConfigurationExtensionSupport : Spring Data Redis - Could not safely identify store assignment for repository candidate interface com.example.registrationmodule.repository.UserRepository; If you want this repository to be a Redis repository, consider annotating your entities with one of these annotations: org.springframework.data.redis.core.RedisHash (preferred), or consider extending one of the following types with your repository: org.springframework.data.keyvalue.repository.KeyValueRepository
2025-06-13T02:14:14.938+03:00  INFO 28032 --- [RegistrationModule] [           main] .s.d.r.c.RepositoryConfigurationDelegate : Finished Spring Data repository scanning in 3 ms. Found 0 Redis repository interfaces.
2025-06-13T02:14:14.995+03:00  INFO 28032 --- [RegistrationModule] [           main] o.hibernate.jpa.internal.util.LogHelper  : HHH000204: Processing PersistenceUnitInfo [name: default]
2025-06-13T02:14:14.997+03:00  INFO 28032 --- [RegistrationModule] [           main] o.h.c.internal.RegionFactoryInitiator    : HHH000026: Second-level cache disabled
2025-06-13T02:14:15.001+03:00  INFO 28032 --- [RegistrationModule] [           main] o.s.o.j.p.SpringPersistenceUnitInfo      : No LoadTimeWeaver setup: ignoring JPA class transformer
2025-06-13T02:14:15.002+03:00  INFO 28032 --- [RegistrationModule] [           main] com.zaxxer.hikari.HikariDataSource       : HikariPool-20 - Starting...
2025-06-13T02:14:15.002+03:00  INFO 28032 --- [RegistrationModule] [           main] com.zaxxer.hikari.pool.HikariPool        : HikariPool-20 - Added connection conn190: url=jdbc:h2:mem:testdb user=SA
2025-06-13T02:14:15.002+03:00  INFO 28032 --- [RegistrationModule] [           main] com.zaxxer.hikari.HikariDataSource       : HikariPool-20 - Start completed.
2025-06-13T02:14:15.003+03:00  WARN 28032 --- [RegistrationModule] [           main] org.hibernate.orm.deprecation            : HHH90000025: H2Dialect does not need to be specified explicitly using 'hibernate.dialect' (remove the property setting and it will be selected by default)
2025-06-13T02:14:15.003+03:00  INFO 28032 --- [RegistrationModule] [           main] org.hibernate.orm.connections.pooling    : HHH10001005: Database info:
	Database JDBC URL [Connecting through datasource 'HikariDataSource (HikariPool-20)']
	Database driver: undefined/unknown
	Database version: 2.3.232
	Autocommit mode: undefined/unknown
	Isolation level: undefined/unknown
	Minimum pool size: undefined/unknown
	Maximum pool size: undefined/unknown
2025-06-13T02:14:15.038+03:00  INFO 28032 --- [RegistrationModule] [           main] o.h.e.t.j.p.i.JtaPlatformInitiator       : HHH000489: No JTA platform available (set 'hibernate.transaction.jta.platform' to enable JTA platform integration)
2025-06-13T02:14:15.042+03:00  INFO 28032 --- [RegistrationModule] [           main] j.LocalContainerEntityManagerFactoryBean : Initialized JPA EntityManagerFactory for persistence unit 'default'
2025-06-13T02:14:15.143+03:00  INFO 28032 --- [RegistrationModule] [           main] eAuthenticationProviderManagerConfigurer : Global AuthenticationManager configured with AuthenticationProvider bean with name authenticationProvider
2025-06-13T02:14:15.143+03:00  WARN 28032 --- [RegistrationModule] [           main] r$InitializeUserDetailsManagerConfigurer : Global AuthenticationManager configured with an AuthenticationProvider bean. UserDetailsService beans will not be used by Spring Security for automatically configuring username/password login. Consider removing the AuthenticationProvider bean. Alternatively, consider using the UserDetailsService in a manually instantiated DaoAuthenticationProvider. If the current configuration is intentional, to turn off this warning, increase the logging level of 'org.springframework.security.config.annotation.authentication.configuration.InitializeUserDetailsBeanManagerConfigurer' to ERROR
2025-06-13T02:14:15.320+03:00  WARN 28032 --- [RegistrationModule] [           main] JpaBaseConfiguration$JpaWebConfiguration : spring.jpa.open-in-view is enabled by default. Therefore, database queries may be performed during view rendering. Explicitly configure spring.jpa.open-in-view to disable this warning
2025-06-13T02:14:15.734+03:00  INFO 28032 --- [RegistrationModule] [           main] o.s.b.a.h2.H2ConsoleAutoConfiguration    : H2 console available at '/h2-console'. Database available at 'jdbc:h2:mem:testdb'
2025-06-13T02:14:15.785+03:00  INFO 28032 --- [RegistrationModule] [           main] o.s.b.t.m.w.SpringBootMockServletContext : Initializing Spring TestDispatcherServlet ''
2025-06-13T02:14:15.785+03:00  INFO 28032 --- [RegistrationModule] [           main] o.s.t.web.servlet.TestDispatcherServlet  : Initializing Servlet ''
2025-06-13T02:14:15.785+03:00  INFO 28032 --- [RegistrationModule] [           main] o.s.t.web.servlet.TestDispatcherServlet  : Completed initialization in 0 ms
2025-06-13T02:14:15.794+03:00  INFO 28032 --- [RegistrationModule] [           main] c.e.r.c.PetControllerIntegrationTests    : Started PetControllerIntegrationTests in 1.02 seconds (process running for 79.055)
valid credentials
this is the user details test@example.com
2025-06-13T02:14:17.607+03:00  INFO 28032 --- [RegistrationModule] [           main] j.LocalContainerEntityManagerFactoryBean : Closing JPA EntityManagerFactory for persistence unit 'default'
2025-06-13T02:14:17.608+03:00  INFO 28032 --- [RegistrationModule] [           main] com.zaxxer.hikari.HikariDataSource       : HikariPool-20 - Shutdown initiated...
2025-06-13T02:14:17.608+03:00  INFO 28032 --- [RegistrationModule] [           main] com.zaxxer.hikari.HikariDataSource       : HikariPool-20 - Shutdown completed.
]]></system-out>
  </testcase>
  <testcase name="testGetAllPetsByInvalidUserId" classname="com.example.registrationmodule.controller.PetControllerIntegrationTests" time="2.817">
    <system-out><![CDATA[2025-06-13T02:14:17.609+03:00  INFO 28032 --- [RegistrationModule] [           main] o.s.b.d.r.RestartApplicationListener     : Restart disabled due to context in which it is running

  .   ____          _            __ _ _
 /\\ / ___'_ __ _ _(_)_ __  __ _ \ \ \ \
( ( )\___ | '_ | '_| | '_ \/ _` | \ \ \ \
 \\/  ___)| |_)| | | | | || (_| |  ) ) ) )
  '  |____| .__|_| |_|_| |_\__, | / / / /
 =========|_|==============|___/=/_/_/_/

 :: Spring Boot ::                (v3.4.3)

2025-06-13T02:14:17.620+03:00  INFO 28032 --- [RegistrationModule] [           main] c.e.r.c.PetControllerIntegrationTests    : Starting PetControllerIntegrationTests using Java 21.0.1 with PID 28032 (started by AliveTube in C:\Users\AliveTube\Documents\Projects CS50\Petzania\PetZania\Back-End\RegistrationModule)
2025-06-13T02:14:17.620+03:00  INFO 28032 --- [RegistrationModule] [           main] c.e.r.c.PetControllerIntegrationTests    : No active profile set, falling back to 1 default profile: "default"
2025-06-13T02:14:17.749+03:00  INFO 28032 --- [RegistrationModule] [           main] .s.d.r.c.RepositoryConfigurationDelegate : Multiple Spring Data modules found, entering strict repository configuration mode
2025-06-13T02:14:17.749+03:00  INFO 28032 --- [RegistrationModule] [           main] .s.d.r.c.RepositoryConfigurationDelegate : Bootstrapping Spring Data JPA repositories in DEFAULT mode.
2025-06-13T02:14:17.767+03:00  INFO 28032 --- [RegistrationModule] [           main] .s.d.r.c.RepositoryConfigurationDelegate : Finished Spring Data repository scanning in 17 ms. Found 5 JPA repository interfaces.
2025-06-13T02:14:17.769+03:00  INFO 28032 --- [RegistrationModule] [           main] .s.d.r.c.RepositoryConfigurationDelegate : Multiple Spring Data modules found, entering strict repository configuration mode
2025-06-13T02:14:17.769+03:00  INFO 28032 --- [RegistrationModule] [           main] .s.d.r.c.RepositoryConfigurationDelegate : Bootstrapping Spring Data Redis repositories in DEFAULT mode.
2025-06-13T02:14:17.773+03:00  INFO 28032 --- [RegistrationModule] [           main] .RepositoryConfigurationExtensionSupport : Spring Data Redis - Could not safely identify store assignment for repository candidate interface com.example.registrationmodule.repository.AdminRepository; If you want this repository to be a Redis repository, consider annotating your entities with one of these annotations: org.springframework.data.redis.core.RedisHash (preferred), or consider extending one of the following types with your repository: org.springframework.data.keyvalue.repository.KeyValueRepository
2025-06-13T02:14:17.773+03:00  INFO 28032 --- [RegistrationModule] [           main] .RepositoryConfigurationExtensionSupport : Spring Data Redis - Could not safely identify store assignment for repository candidate interface com.example.registrationmodule.repository.MediaRepository; If you want this repository to be a Redis repository, consider annotating your entities with one of these annotations: org.springframework.data.redis.core.RedisHash (preferred), or consider extending one of the following types with your repository: org.springframework.data.keyvalue.repository.KeyValueRepository
2025-06-13T02:14:17.773+03:00  INFO 28032 --- [RegistrationModule] [           main] .RepositoryConfigurationExtensionSupport : Spring Data Redis - Could not safely identify store assignment for repository candidate interface com.example.registrationmodule.repository.PetRepository; If you want this repository to be a Redis repository, consider annotating your entities with one of these annotations: org.springframework.data.redis.core.RedisHash (preferred), or consider extending one of the following types with your repository: org.springframework.data.keyvalue.repository.KeyValueRepository
2025-06-13T02:14:17.773+03:00  INFO 28032 --- [RegistrationModule] [           main] .RepositoryConfigurationExtensionSupport : Spring Data Redis - Could not safely identify store assignment for repository candidate interface com.example.registrationmodule.repository.RevokedRefreshTokenRepository; If you want this repository to be a Redis repository, consider annotating your entities with one of these annotations: org.springframework.data.redis.core.RedisHash (preferred), or consider extending one of the following types with your repository: org.springframework.data.keyvalue.repository.KeyValueRepository
2025-06-13T02:14:17.773+03:00  INFO 28032 --- [RegistrationModule] [           main] .RepositoryConfigurationExtensionSupport : Spring Data Redis - Could not safely identify store assignment for repository candidate interface com.example.registrationmodule.repository.UserRepository; If you want this repository to be a Redis repository, consider annotating your entities with one of these annotations: org.springframework.data.redis.core.RedisHash (preferred), or consider extending one of the following types with your repository: org.springframework.data.keyvalue.repository.KeyValueRepository
2025-06-13T02:14:17.773+03:00  INFO 28032 --- [RegistrationModule] [           main] .s.d.r.c.RepositoryConfigurationDelegate : Finished Spring Data repository scanning in 3 ms. Found 0 Redis repository interfaces.
2025-06-13T02:14:17.834+03:00  INFO 28032 --- [RegistrationModule] [           main] o.hibernate.jpa.internal.util.LogHelper  : HHH000204: Processing PersistenceUnitInfo [name: default]
2025-06-13T02:14:17.836+03:00  INFO 28032 --- [RegistrationModule] [           main] o.h.c.internal.RegionFactoryInitiator    : HHH000026: Second-level cache disabled
2025-06-13T02:14:17.842+03:00  INFO 28032 --- [RegistrationModule] [           main] o.s.o.j.p.SpringPersistenceUnitInfo      : No LoadTimeWeaver setup: ignoring JPA class transformer
2025-06-13T02:14:17.842+03:00  INFO 28032 --- [RegistrationModule] [           main] com.zaxxer.hikari.HikariDataSource       : HikariPool-21 - Starting...
2025-06-13T02:14:17.843+03:00  INFO 28032 --- [RegistrationModule] [           main] com.zaxxer.hikari.pool.HikariPool        : HikariPool-21 - Added connection conn200: url=jdbc:h2:mem:testdb user=SA
2025-06-13T02:14:17.843+03:00  INFO 28032 --- [RegistrationModule] [           main] com.zaxxer.hikari.HikariDataSource       : HikariPool-21 - Start completed.
2025-06-13T02:14:17.843+03:00  WARN 28032 --- [RegistrationModule] [           main] org.hibernate.orm.deprecation            : HHH90000025: H2Dialect does not need to be specified explicitly using 'hibernate.dialect' (remove the property setting and it will be selected by default)
2025-06-13T02:14:17.843+03:00  INFO 28032 --- [RegistrationModule] [           main] org.hibernate.orm.connections.pooling    : HHH10001005: Database info:
	Database JDBC URL [Connecting through datasource 'HikariDataSource (HikariPool-21)']
	Database driver: undefined/unknown
	Database version: 2.3.232
	Autocommit mode: undefined/unknown
	Isolation level: undefined/unknown
	Minimum pool size: undefined/unknown
	Maximum pool size: undefined/unknown
2025-06-13T02:14:17.876+03:00  INFO 28032 --- [RegistrationModule] [           main] o.h.e.t.j.p.i.JtaPlatformInitiator       : HHH000489: No JTA platform available (set 'hibernate.transaction.jta.platform' to enable JTA platform integration)
2025-06-13T02:14:17.880+03:00  INFO 28032 --- [RegistrationModule] [           main] j.LocalContainerEntityManagerFactoryBean : Initialized JPA EntityManagerFactory for persistence unit 'default'
2025-06-13T02:14:17.977+03:00  INFO 28032 --- [RegistrationModule] [           main] eAuthenticationProviderManagerConfigurer : Global AuthenticationManager configured with AuthenticationProvider bean with name authenticationProvider
2025-06-13T02:14:17.977+03:00  WARN 28032 --- [RegistrationModule] [           main] r$InitializeUserDetailsManagerConfigurer : Global AuthenticationManager configured with an AuthenticationProvider bean. UserDetailsService beans will not be used by Spring Security for automatically configuring username/password login. Consider removing the AuthenticationProvider bean. Alternatively, consider using the UserDetailsService in a manually instantiated DaoAuthenticationProvider. If the current configuration is intentional, to turn off this warning, increase the logging level of 'org.springframework.security.config.annotation.authentication.configuration.InitializeUserDetailsBeanManagerConfigurer' to ERROR
2025-06-13T02:14:18.162+03:00  WARN 28032 --- [RegistrationModule] [           main] JpaBaseConfiguration$JpaWebConfiguration : spring.jpa.open-in-view is enabled by default. Therefore, database queries may be performed during view rendering. Explicitly configure spring.jpa.open-in-view to disable this warning
2025-06-13T02:14:18.570+03:00  INFO 28032 --- [RegistrationModule] [           main] o.s.b.a.h2.H2ConsoleAutoConfiguration    : H2 console available at '/h2-console'. Database available at 'jdbc:h2:mem:testdb'
2025-06-13T02:14:18.621+03:00  INFO 28032 --- [RegistrationModule] [           main] o.s.b.t.m.w.SpringBootMockServletContext : Initializing Spring TestDispatcherServlet ''
2025-06-13T02:14:18.621+03:00  INFO 28032 --- [RegistrationModule] [           main] o.s.t.web.servlet.TestDispatcherServlet  : Initializing Servlet ''
2025-06-13T02:14:18.622+03:00  INFO 28032 --- [RegistrationModule] [           main] o.s.t.web.servlet.TestDispatcherServlet  : Completed initialization in 1 ms
2025-06-13T02:14:18.632+03:00  INFO 28032 --- [RegistrationModule] [           main] c.e.r.c.PetControllerIntegrationTests    : Started PetControllerIntegrationTests in 1.023 seconds (process running for 81.893)
valid credentials
this is the user details test@example.com
2025-06-13T02:14:20.424+03:00  INFO 28032 --- [RegistrationModule] [           main] j.LocalContainerEntityManagerFactoryBean : Closing JPA EntityManagerFactory for persistence unit 'default'
2025-06-13T02:14:20.425+03:00  INFO 28032 --- [RegistrationModule] [           main] com.zaxxer.hikari.HikariDataSource       : HikariPool-21 - Shutdown initiated...
2025-06-13T02:14:20.425+03:00  INFO 28032 --- [RegistrationModule] [           main] com.zaxxer.hikari.HikariDataSource       : HikariPool-21 - Shutdown completed.
]]></system-out>
  </testcase>
  <testcase name="testGetValidPetById" classname="com.example.registrationmodule.controller.PetControllerIntegrationTests" time="2.898">
    <system-out><![CDATA[2025-06-13T02:14:20.427+03:00  INFO 28032 --- [RegistrationModule] [           main] o.s.b.d.r.RestartApplicationListener     : Restart disabled due to context in which it is running

  .   ____          _            __ _ _
 /\\ / ___'_ __ _ _(_)_ __  __ _ \ \ \ \
( ( )\___ | '_ | '_| | '_ \/ _` | \ \ \ \
 \\/  ___)| |_)| | | | | || (_| |  ) ) ) )
  '  |____| .__|_| |_|_| |_\__, | / / / /
 =========|_|==============|___/=/_/_/_/

 :: Spring Boot ::                (v3.4.3)

2025-06-13T02:14:20.437+03:00  INFO 28032 --- [RegistrationModule] [           main] c.e.r.c.PetControllerIntegrationTests    : Starting PetControllerIntegrationTests using Java 21.0.1 with PID 28032 (started by AliveTube in C:\Users\AliveTube\Documents\Projects CS50\Petzania\PetZania\Back-End\RegistrationModule)
2025-06-13T02:14:20.437+03:00  INFO 28032 --- [RegistrationModule] [           main] c.e.r.c.PetControllerIntegrationTests    : No active profile set, falling back to 1 default profile: "default"
2025-06-13T02:14:20.572+03:00  INFO 28032 --- [RegistrationModule] [           main] .s.d.r.c.RepositoryConfigurationDelegate : Multiple Spring Data modules found, entering strict repository configuration mode
2025-06-13T02:14:20.572+03:00  INFO 28032 --- [RegistrationModule] [           main] .s.d.r.c.RepositoryConfigurationDelegate : Bootstrapping Spring Data JPA repositories in DEFAULT mode.
2025-06-13T02:14:20.585+03:00  INFO 28032 --- [RegistrationModule] [           main] .s.d.r.c.RepositoryConfigurationDelegate : Finished Spring Data repository scanning in 12 ms. Found 5 JPA repository interfaces.
2025-06-13T02:14:20.586+03:00  INFO 28032 --- [RegistrationModule] [           main] .s.d.r.c.RepositoryConfigurationDelegate : Multiple Spring Data modules found, entering strict repository configuration mode
2025-06-13T02:14:20.586+03:00  INFO 28032 --- [RegistrationModule] [           main] .s.d.r.c.RepositoryConfigurationDelegate : Bootstrapping Spring Data Redis repositories in DEFAULT mode.
2025-06-13T02:14:20.590+03:00  INFO 28032 --- [RegistrationModule] [           main] .RepositoryConfigurationExtensionSupport : Spring Data Redis - Could not safely identify store assignment for repository candidate interface com.example.registrationmodule.repository.AdminRepository; If you want this repository to be a Redis repository, consider annotating your entities with one of these annotations: org.springframework.data.redis.core.RedisHash (preferred), or consider extending one of the following types with your repository: org.springframework.data.keyvalue.repository.KeyValueRepository
2025-06-13T02:14:20.590+03:00  INFO 28032 --- [RegistrationModule] [           main] .RepositoryConfigurationExtensionSupport : Spring Data Redis - Could not safely identify store assignment for repository candidate interface com.example.registrationmodule.repository.MediaRepository; If you want this repository to be a Redis repository, consider annotating your entities with one of these annotations: org.springframework.data.redis.core.RedisHash (preferred), or consider extending one of the following types with your repository: org.springframework.data.keyvalue.repository.KeyValueRepository
2025-06-13T02:14:20.590+03:00  INFO 28032 --- [RegistrationModule] [           main] .RepositoryConfigurationExtensionSupport : Spring Data Redis - Could not safely identify store assignment for repository candidate interface com.example.registrationmodule.repository.PetRepository; If you want this repository to be a Redis repository, consider annotating your entities with one of these annotations: org.springframework.data.redis.core.RedisHash (preferred), or consider extending one of the following types with your repository: org.springframework.data.keyvalue.repository.KeyValueRepository
2025-06-13T02:14:20.590+03:00  INFO 28032 --- [RegistrationModule] [           main] .RepositoryConfigurationExtensionSupport : Spring Data Redis - Could not safely identify store assignment for repository candidate interface com.example.registrationmodule.repository.RevokedRefreshTokenRepository; If you want this repository to be a Redis repository, consider annotating your entities with one of these annotations: org.springframework.data.redis.core.RedisHash (preferred), or consider extending one of the following types with your repository: org.springframework.data.keyvalue.repository.KeyValueRepository
2025-06-13T02:14:20.590+03:00  INFO 28032 --- [RegistrationModule] [           main] .RepositoryConfigurationExtensionSupport : Spring Data Redis - Could not safely identify store assignment for repository candidate interface com.example.registrationmodule.repository.UserRepository; If you want this repository to be a Redis repository, consider annotating your entities with one of these annotations: org.springframework.data.redis.core.RedisHash (preferred), or consider extending one of the following types with your repository: org.springframework.data.keyvalue.repository.KeyValueRepository
2025-06-13T02:14:20.590+03:00  INFO 28032 --- [RegistrationModule] [           main] .s.d.r.c.RepositoryConfigurationDelegate : Finished Spring Data repository scanning in 3 ms. Found 0 Redis repository interfaces.
2025-06-13T02:14:20.649+03:00  INFO 28032 --- [RegistrationModule] [           main] o.hibernate.jpa.internal.util.LogHelper  : HHH000204: Processing PersistenceUnitInfo [name: default]
2025-06-13T02:14:20.651+03:00  INFO 28032 --- [RegistrationModule] [           main] o.h.c.internal.RegionFactoryInitiator    : HHH000026: Second-level cache disabled
2025-06-13T02:14:20.655+03:00  INFO 28032 --- [RegistrationModule] [           main] o.s.o.j.p.SpringPersistenceUnitInfo      : No LoadTimeWeaver setup: ignoring JPA class transformer
2025-06-13T02:14:20.656+03:00  INFO 28032 --- [RegistrationModule] [           main] com.zaxxer.hikari.HikariDataSource       : HikariPool-22 - Starting...
2025-06-13T02:14:20.656+03:00  INFO 28032 --- [RegistrationModule] [           main] com.zaxxer.hikari.pool.HikariPool        : HikariPool-22 - Added connection conn210: url=jdbc:h2:mem:testdb user=SA
2025-06-13T02:14:20.657+03:00  INFO 28032 --- [RegistrationModule] [           main] com.zaxxer.hikari.HikariDataSource       : HikariPool-22 - Start completed.
2025-06-13T02:14:20.657+03:00  WARN 28032 --- [RegistrationModule] [           main] org.hibernate.orm.deprecation            : HHH90000025: H2Dialect does not need to be specified explicitly using 'hibernate.dialect' (remove the property setting and it will be selected by default)
2025-06-13T02:14:20.657+03:00  INFO 28032 --- [RegistrationModule] [           main] org.hibernate.orm.connections.pooling    : HHH10001005: Database info:
	Database JDBC URL [Connecting through datasource 'HikariDataSource (HikariPool-22)']
	Database driver: undefined/unknown
	Database version: 2.3.232
	Autocommit mode: undefined/unknown
	Isolation level: undefined/unknown
	Minimum pool size: undefined/unknown
	Maximum pool size: undefined/unknown
2025-06-13T02:14:20.691+03:00  INFO 28032 --- [RegistrationModule] [           main] o.h.e.t.j.p.i.JtaPlatformInitiator       : HHH000489: No JTA platform available (set 'hibernate.transaction.jta.platform' to enable JTA platform integration)
2025-06-13T02:14:20.695+03:00  INFO 28032 --- [RegistrationModule] [           main] j.LocalContainerEntityManagerFactoryBean : Initialized JPA EntityManagerFactory for persistence unit 'default'
2025-06-13T02:14:20.794+03:00  INFO 28032 --- [RegistrationModule] [           main] eAuthenticationProviderManagerConfigurer : Global AuthenticationManager configured with AuthenticationProvider bean with name authenticationProvider
2025-06-13T02:14:20.794+03:00  WARN 28032 --- [RegistrationModule] [           main] r$InitializeUserDetailsManagerConfigurer : Global AuthenticationManager configured with an AuthenticationProvider bean. UserDetailsService beans will not be used by Spring Security for automatically configuring username/password login. Consider removing the AuthenticationProvider bean. Alternatively, consider using the UserDetailsService in a manually instantiated DaoAuthenticationProvider. If the current configuration is intentional, to turn off this warning, increase the logging level of 'org.springframework.security.config.annotation.authentication.configuration.InitializeUserDetailsBeanManagerConfigurer' to ERROR
2025-06-13T02:14:20.968+03:00  WARN 28032 --- [RegistrationModule] [           main] JpaBaseConfiguration$JpaWebConfiguration : spring.jpa.open-in-view is enabled by default. Therefore, database queries may be performed during view rendering. Explicitly configure spring.jpa.open-in-view to disable this warning
2025-06-13T02:14:21.406+03:00  INFO 28032 --- [RegistrationModule] [           main] o.s.b.a.h2.H2ConsoleAutoConfiguration    : H2 console available at '/h2-console'. Database available at 'jdbc:h2:mem:testdb'
2025-06-13T02:14:21.465+03:00  INFO 28032 --- [RegistrationModule] [           main] o.s.b.t.m.w.SpringBootMockServletContext : Initializing Spring TestDispatcherServlet ''
2025-06-13T02:14:21.465+03:00  INFO 28032 --- [RegistrationModule] [           main] o.s.t.web.servlet.TestDispatcherServlet  : Initializing Servlet ''
2025-06-13T02:14:21.465+03:00  INFO 28032 --- [RegistrationModule] [           main] o.s.t.web.servlet.TestDispatcherServlet  : Completed initialization in 0 ms
2025-06-13T02:14:21.475+03:00  INFO 28032 --- [RegistrationModule] [           main] c.e.r.c.PetControllerIntegrationTests    : Started PetControllerIntegrationTests in 1.047 seconds (process running for 84.734)
valid credentials
this is the user details test@example.com
2025-06-13T02:14:23.323+03:00  INFO 28032 --- [RegistrationModule] [           main] j.LocalContainerEntityManagerFactoryBean : Closing JPA EntityManagerFactory for persistence unit 'default'
2025-06-13T02:14:23.324+03:00  INFO 28032 --- [RegistrationModule] [           main] com.zaxxer.hikari.HikariDataSource       : HikariPool-22 - Shutdown initiated...
2025-06-13T02:14:23.324+03:00  INFO 28032 --- [RegistrationModule] [           main] com.zaxxer.hikari.HikariDataSource       : HikariPool-22 - Shutdown completed.
]]></system-out>
  </testcase>
  <testcase name="testGetAllPetsByValidUserIdNotEmpty" classname="com.example.registrationmodule.controller.PetControllerIntegrationTests" time="2.923">
    <system-out><![CDATA[2025-06-13T02:14:23.326+03:00  INFO 28032 --- [RegistrationModule] [           main] o.s.b.d.r.RestartApplicationListener     : Restart disabled due to context in which it is running

  .   ____          _            __ _ _
 /\\ / ___'_ __ _ _(_)_ __  __ _ \ \ \ \
( ( )\___ | '_ | '_| | '_ \/ _` | \ \ \ \
 \\/  ___)| |_)| | | | | || (_| |  ) ) ) )
  '  |____| .__|_| |_|_| |_\__, | / / / /
 =========|_|==============|___/=/_/_/_/

 :: Spring Boot ::                (v3.4.3)

2025-06-13T02:14:23.336+03:00  INFO 28032 --- [RegistrationModule] [           main] c.e.r.c.PetControllerIntegrationTests    : Starting PetControllerIntegrationTests using Java 21.0.1 with PID 28032 (started by AliveTube in C:\Users\AliveTube\Documents\Projects CS50\Petzania\PetZania\Back-End\RegistrationModule)
2025-06-13T02:14:23.336+03:00  INFO 28032 --- [RegistrationModule] [           main] c.e.r.c.PetControllerIntegrationTests    : No active profile set, falling back to 1 default profile: "default"
2025-06-13T02:14:23.475+03:00  INFO 28032 --- [RegistrationModule] [           main] .s.d.r.c.RepositoryConfigurationDelegate : Multiple Spring Data modules found, entering strict repository configuration mode
2025-06-13T02:14:23.475+03:00  INFO 28032 --- [RegistrationModule] [           main] .s.d.r.c.RepositoryConfigurationDelegate : Bootstrapping Spring Data JPA repositories in DEFAULT mode.
2025-06-13T02:14:23.488+03:00  INFO 28032 --- [RegistrationModule] [           main] .s.d.r.c.RepositoryConfigurationDelegate : Finished Spring Data repository scanning in 12 ms. Found 5 JPA repository interfaces.
2025-06-13T02:14:23.489+03:00  INFO 28032 --- [RegistrationModule] [           main] .s.d.r.c.RepositoryConfigurationDelegate : Multiple Spring Data modules found, entering strict repository configuration mode
2025-06-13T02:14:23.489+03:00  INFO 28032 --- [RegistrationModule] [           main] .s.d.r.c.RepositoryConfigurationDelegate : Bootstrapping Spring Data Redis repositories in DEFAULT mode.
2025-06-13T02:14:23.493+03:00  INFO 28032 --- [RegistrationModule] [           main] .RepositoryConfigurationExtensionSupport : Spring Data Redis - Could not safely identify store assignment for repository candidate interface com.example.registrationmodule.repository.AdminRepository; If you want this repository to be a Redis repository, consider annotating your entities with one of these annotations: org.springframework.data.redis.core.RedisHash (preferred), or consider extending one of the following types with your repository: org.springframework.data.keyvalue.repository.KeyValueRepository
2025-06-13T02:14:23.494+03:00  INFO 28032 --- [RegistrationModule] [           main] .RepositoryConfigurationExtensionSupport : Spring Data Redis - Could not safely identify store assignment for repository candidate interface com.example.registrationmodule.repository.MediaRepository; If you want this repository to be a Redis repository, consider annotating your entities with one of these annotations: org.springframework.data.redis.core.RedisHash (preferred), or consider extending one of the following types with your repository: org.springframework.data.keyvalue.repository.KeyValueRepository
2025-06-13T02:14:23.494+03:00  INFO 28032 --- [RegistrationModule] [           main] .RepositoryConfigurationExtensionSupport : Spring Data Redis - Could not safely identify store assignment for repository candidate interface com.example.registrationmodule.repository.PetRepository; If you want this repository to be a Redis repository, consider annotating your entities with one of these annotations: org.springframework.data.redis.core.RedisHash (preferred), or consider extending one of the following types with your repository: org.springframework.data.keyvalue.repository.KeyValueRepository
2025-06-13T02:14:23.494+03:00  INFO 28032 --- [RegistrationModule] [           main] .RepositoryConfigurationExtensionSupport : Spring Data Redis - Could not safely identify store assignment for repository candidate interface com.example.registrationmodule.repository.RevokedRefreshTokenRepository; If you want this repository to be a Redis repository, consider annotating your entities with one of these annotations: org.springframework.data.redis.core.RedisHash (preferred), or consider extending one of the following types with your repository: org.springframework.data.keyvalue.repository.KeyValueRepository
2025-06-13T02:14:23.494+03:00  INFO 28032 --- [RegistrationModule] [           main] .RepositoryConfigurationExtensionSupport : Spring Data Redis - Could not safely identify store assignment for repository candidate interface com.example.registrationmodule.repository.UserRepository; If you want this repository to be a Redis repository, consider annotating your entities with one of these annotations: org.springframework.data.redis.core.RedisHash (preferred), or consider extending one of the following types with your repository: org.springframework.data.keyvalue.repository.KeyValueRepository
2025-06-13T02:14:23.494+03:00  INFO 28032 --- [RegistrationModule] [           main] .s.d.r.c.RepositoryConfigurationDelegate : Finished Spring Data repository scanning in 3 ms. Found 0 Redis repository interfaces.
2025-06-13T02:14:23.563+03:00  INFO 28032 --- [RegistrationModule] [           main] o.hibernate.jpa.internal.util.LogHelper  : HHH000204: Processing PersistenceUnitInfo [name: default]
2025-06-13T02:14:23.565+03:00  INFO 28032 --- [RegistrationModule] [           main] o.h.c.internal.RegionFactoryInitiator    : HHH000026: Second-level cache disabled
2025-06-13T02:14:23.569+03:00  INFO 28032 --- [RegistrationModule] [           main] o.s.o.j.p.SpringPersistenceUnitInfo      : No LoadTimeWeaver setup: ignoring JPA class transformer
2025-06-13T02:14:23.570+03:00  INFO 28032 --- [RegistrationModule] [           main] com.zaxxer.hikari.HikariDataSource       : HikariPool-23 - Starting...
2025-06-13T02:14:23.570+03:00  INFO 28032 --- [RegistrationModule] [           main] com.zaxxer.hikari.pool.HikariPool        : HikariPool-23 - Added connection conn220: url=jdbc:h2:mem:testdb user=SA
2025-06-13T02:14:23.571+03:00  INFO 28032 --- [RegistrationModule] [           main] com.zaxxer.hikari.HikariDataSource       : HikariPool-23 - Start completed.
2025-06-13T02:14:23.571+03:00  WARN 28032 --- [RegistrationModule] [           main] org.hibernate.orm.deprecation            : HHH90000025: H2Dialect does not need to be specified explicitly using 'hibernate.dialect' (remove the property setting and it will be selected by default)
2025-06-13T02:14:23.571+03:00  INFO 28032 --- [RegistrationModule] [           main] org.hibernate.orm.connections.pooling    : HHH10001005: Database info:
	Database JDBC URL [Connecting through datasource 'HikariDataSource (HikariPool-23)']
	Database driver: undefined/unknown
	Database version: 2.3.232
	Autocommit mode: undefined/unknown
	Isolation level: undefined/unknown
	Minimum pool size: undefined/unknown
	Maximum pool size: undefined/unknown
2025-06-13T02:14:23.601+03:00  INFO 28032 --- [RegistrationModule] [           main] o.h.e.t.j.p.i.JtaPlatformInitiator       : HHH000489: No JTA platform available (set 'hibernate.transaction.jta.platform' to enable JTA platform integration)
2025-06-13T02:14:23.606+03:00  INFO 28032 --- [RegistrationModule] [           main] j.LocalContainerEntityManagerFactoryBean : Initialized JPA EntityManagerFactory for persistence unit 'default'
2025-06-13T02:14:23.705+03:00  INFO 28032 --- [RegistrationModule] [           main] eAuthenticationProviderManagerConfigurer : Global AuthenticationManager configured with AuthenticationProvider bean with name authenticationProvider
2025-06-13T02:14:23.705+03:00  WARN 28032 --- [RegistrationModule] [           main] r$InitializeUserDetailsManagerConfigurer : Global AuthenticationManager configured with an AuthenticationProvider bean. UserDetailsService beans will not be used by Spring Security for automatically configuring username/password login. Consider removing the AuthenticationProvider bean. Alternatively, consider using the UserDetailsService in a manually instantiated DaoAuthenticationProvider. If the current configuration is intentional, to turn off this warning, increase the logging level of 'org.springframework.security.config.annotation.authentication.configuration.InitializeUserDetailsBeanManagerConfigurer' to ERROR
2025-06-13T02:14:23.884+03:00  WARN 28032 --- [RegistrationModule] [           main] JpaBaseConfiguration$JpaWebConfiguration : spring.jpa.open-in-view is enabled by default. Therefore, database queries may be performed during view rendering. Explicitly configure spring.jpa.open-in-view to disable this warning
2025-06-13T02:14:24.384+03:00  INFO 28032 --- [RegistrationModule] [           main] o.s.b.a.h2.H2ConsoleAutoConfiguration    : H2 console available at '/h2-console'. Database available at 'jdbc:h2:mem:testdb'
2025-06-13T02:14:24.435+03:00  INFO 28032 --- [RegistrationModule] [           main] o.s.b.t.m.w.SpringBootMockServletContext : Initializing Spring TestDispatcherServlet ''
2025-06-13T02:14:24.435+03:00  INFO 28032 --- [RegistrationModule] [           main] o.s.t.web.servlet.TestDispatcherServlet  : Initializing Servlet ''
2025-06-13T02:14:24.436+03:00  INFO 28032 --- [RegistrationModule] [           main] o.s.t.web.servlet.TestDispatcherServlet  : Completed initialization in 1 ms
2025-06-13T02:14:24.445+03:00  INFO 28032 --- [RegistrationModule] [           main] c.e.r.c.PetControllerIntegrationTests    : Started PetControllerIntegrationTests in 1.12 seconds (process running for 87.706)
valid credentials
this is the user details test@example.com
2025-06-13T02:14:26.246+03:00  INFO 28032 --- [RegistrationModule] [           main] j.LocalContainerEntityManagerFactoryBean : Closing JPA EntityManagerFactory for persistence unit 'default'
2025-06-13T02:14:26.246+03:00  INFO 28032 --- [RegistrationModule] [           main] com.zaxxer.hikari.HikariDataSource       : HikariPool-23 - Shutdown initiated...
2025-06-13T02:14:26.247+03:00  INFO 28032 --- [RegistrationModule] [           main] com.zaxxer.hikari.HikariDataSource       : HikariPool-23 - Shutdown completed.
]]></system-out>
  </testcase>
  <testcase name="testDeletePetByValidPetId_OtherUser" classname="com.example.registrationmodule.controller.PetControllerIntegrationTests" time="3.055">
    <system-out><![CDATA[2025-06-13T02:14:26.248+03:00  INFO 28032 --- [RegistrationModule] [           main] o.s.b.d.r.RestartApplicationListener     : Restart disabled due to context in which it is running

  .   ____          _            __ _ _
 /\\ / ___'_ __ _ _(_)_ __  __ _ \ \ \ \
( ( )\___ | '_ | '_| | '_ \/ _` | \ \ \ \
 \\/  ___)| |_)| | | | | || (_| |  ) ) ) )
  '  |____| .__|_| |_|_| |_\__, | / / / /
 =========|_|==============|___/=/_/_/_/

 :: Spring Boot ::                (v3.4.3)

2025-06-13T02:14:26.259+03:00  INFO 28032 --- [RegistrationModule] [           main] c.e.r.c.PetControllerIntegrationTests    : Starting PetControllerIntegrationTests using Java 21.0.1 with PID 28032 (started by AliveTube in C:\Users\AliveTube\Documents\Projects CS50\Petzania\PetZania\Back-End\RegistrationModule)
2025-06-13T02:14:26.259+03:00  INFO 28032 --- [RegistrationModule] [           main] c.e.r.c.PetControllerIntegrationTests    : No active profile set, falling back to 1 default profile: "default"
2025-06-13T02:14:26.396+03:00  INFO 28032 --- [RegistrationModule] [           main] .s.d.r.c.RepositoryConfigurationDelegate : Multiple Spring Data modules found, entering strict repository configuration mode
2025-06-13T02:14:26.396+03:00  INFO 28032 --- [RegistrationModule] [           main] .s.d.r.c.RepositoryConfigurationDelegate : Bootstrapping Spring Data JPA repositories in DEFAULT mode.
2025-06-13T02:14:26.409+03:00  INFO 28032 --- [RegistrationModule] [           main] .s.d.r.c.RepositoryConfigurationDelegate : Finished Spring Data repository scanning in 12 ms. Found 5 JPA repository interfaces.
2025-06-13T02:14:26.410+03:00  INFO 28032 --- [RegistrationModule] [           main] .s.d.r.c.RepositoryConfigurationDelegate : Multiple Spring Data modules found, entering strict repository configuration mode
2025-06-13T02:14:26.410+03:00  INFO 28032 --- [RegistrationModule] [           main] .s.d.r.c.RepositoryConfigurationDelegate : Bootstrapping Spring Data Redis repositories in DEFAULT mode.
2025-06-13T02:14:26.414+03:00  INFO 28032 --- [RegistrationModule] [           main] .RepositoryConfigurationExtensionSupport : Spring Data Redis - Could not safely identify store assignment for repository candidate interface com.example.registrationmodule.repository.AdminRepository; If you want this repository to be a Redis repository, consider annotating your entities with one of these annotations: org.springframework.data.redis.core.RedisHash (preferred), or consider extending one of the following types with your repository: org.springframework.data.keyvalue.repository.KeyValueRepository
2025-06-13T02:14:26.414+03:00  INFO 28032 --- [RegistrationModule] [           main] .RepositoryConfigurationExtensionSupport : Spring Data Redis - Could not safely identify store assignment for repository candidate interface com.example.registrationmodule.repository.MediaRepository; If you want this repository to be a Redis repository, consider annotating your entities with one of these annotations: org.springframework.data.redis.core.RedisHash (preferred), or consider extending one of the following types with your repository: org.springframework.data.keyvalue.repository.KeyValueRepository
2025-06-13T02:14:26.414+03:00  INFO 28032 --- [RegistrationModule] [           main] .RepositoryConfigurationExtensionSupport : Spring Data Redis - Could not safely identify store assignment for repository candidate interface com.example.registrationmodule.repository.PetRepository; If you want this repository to be a Redis repository, consider annotating your entities with one of these annotations: org.springframework.data.redis.core.RedisHash (preferred), or consider extending one of the following types with your repository: org.springframework.data.keyvalue.repository.KeyValueRepository
2025-06-13T02:14:26.414+03:00  INFO 28032 --- [RegistrationModule] [           main] .RepositoryConfigurationExtensionSupport : Spring Data Redis - Could not safely identify store assignment for repository candidate interface com.example.registrationmodule.repository.RevokedRefreshTokenRepository; If you want this repository to be a Redis repository, consider annotating your entities with one of these annotations: org.springframework.data.redis.core.RedisHash (preferred), or consider extending one of the following types with your repository: org.springframework.data.keyvalue.repository.KeyValueRepository
2025-06-13T02:14:26.414+03:00  INFO 28032 --- [RegistrationModule] [           main] .RepositoryConfigurationExtensionSupport : Spring Data Redis - Could not safely identify store assignment for repository candidate interface com.example.registrationmodule.repository.UserRepository; If you want this repository to be a Redis repository, consider annotating your entities with one of these annotations: org.springframework.data.redis.core.RedisHash (preferred), or consider extending one of the following types with your repository: org.springframework.data.keyvalue.repository.KeyValueRepository
2025-06-13T02:14:26.414+03:00  INFO 28032 --- [RegistrationModule] [           main] .s.d.r.c.RepositoryConfigurationDelegate : Finished Spring Data repository scanning in 3 ms. Found 0 Redis repository interfaces.
2025-06-13T02:14:26.475+03:00  INFO 28032 --- [RegistrationModule] [           main] o.hibernate.jpa.internal.util.LogHelper  : HHH000204: Processing PersistenceUnitInfo [name: default]
2025-06-13T02:14:26.476+03:00  INFO 28032 --- [RegistrationModule] [           main] o.h.c.internal.RegionFactoryInitiator    : HHH000026: Second-level cache disabled
2025-06-13T02:14:26.481+03:00  INFO 28032 --- [RegistrationModule] [           main] o.s.o.j.p.SpringPersistenceUnitInfo      : No LoadTimeWeaver setup: ignoring JPA class transformer
2025-06-13T02:14:26.481+03:00  INFO 28032 --- [RegistrationModule] [           main] com.zaxxer.hikari.HikariDataSource       : HikariPool-24 - Starting...
2025-06-13T02:14:26.482+03:00  INFO 28032 --- [RegistrationModule] [           main] com.zaxxer.hikari.pool.HikariPool        : HikariPool-24 - Added connection conn230: url=jdbc:h2:mem:testdb user=SA
2025-06-13T02:14:26.482+03:00  INFO 28032 --- [RegistrationModule] [           main] com.zaxxer.hikari.HikariDataSource       : HikariPool-24 - Start completed.
2025-06-13T02:14:26.482+03:00  WARN 28032 --- [RegistrationModule] [           main] org.hibernate.orm.deprecation            : HHH90000025: H2Dialect does not need to be specified explicitly using 'hibernate.dialect' (remove the property setting and it will be selected by default)
2025-06-13T02:14:26.482+03:00  INFO 28032 --- [RegistrationModule] [           main] org.hibernate.orm.connections.pooling    : HHH10001005: Database info:
	Database JDBC URL [Connecting through datasource 'HikariDataSource (HikariPool-24)']
	Database driver: undefined/unknown
	Database version: 2.3.232
	Autocommit mode: undefined/unknown
	Isolation level: undefined/unknown
	Minimum pool size: undefined/unknown
	Maximum pool size: undefined/unknown
2025-06-13T02:14:26.515+03:00  INFO 28032 --- [RegistrationModule] [           main] o.h.e.t.j.p.i.JtaPlatformInitiator       : HHH000489: No JTA platform available (set 'hibernate.transaction.jta.platform' to enable JTA platform integration)
2025-06-13T02:14:26.518+03:00  INFO 28032 --- [RegistrationModule] [           main] j.LocalContainerEntityManagerFactoryBean : Initialized JPA EntityManagerFactory for persistence unit 'default'
2025-06-13T02:14:26.620+03:00  INFO 28032 --- [RegistrationModule] [           main] eAuthenticationProviderManagerConfigurer : Global AuthenticationManager configured with AuthenticationProvider bean with name authenticationProvider
2025-06-13T02:14:26.620+03:00  WARN 28032 --- [RegistrationModule] [           main] r$InitializeUserDetailsManagerConfigurer : Global AuthenticationManager configured with an AuthenticationProvider bean. UserDetailsService beans will not be used by Spring Security for automatically configuring username/password login. Consider removing the AuthenticationProvider bean. Alternatively, consider using the UserDetailsService in a manually instantiated DaoAuthenticationProvider. If the current configuration is intentional, to turn off this warning, increase the logging level of 'org.springframework.security.config.annotation.authentication.configuration.InitializeUserDetailsBeanManagerConfigurer' to ERROR
2025-06-13T02:14:26.810+03:00  WARN 28032 --- [RegistrationModule] [           main] JpaBaseConfiguration$JpaWebConfiguration : spring.jpa.open-in-view is enabled by default. Therefore, database queries may be performed during view rendering. Explicitly configure spring.jpa.open-in-view to disable this warning
2025-06-13T02:14:27.248+03:00  INFO 28032 --- [RegistrationModule] [           main] o.s.b.a.h2.H2ConsoleAutoConfiguration    : H2 console available at '/h2-console'. Database available at 'jdbc:h2:mem:testdb'
2025-06-13T02:14:27.306+03:00  INFO 28032 --- [RegistrationModule] [           main] o.s.b.t.m.w.SpringBootMockServletContext : Initializing Spring TestDispatcherServlet ''
2025-06-13T02:14:27.306+03:00  INFO 28032 --- [RegistrationModule] [           main] o.s.t.web.servlet.TestDispatcherServlet  : Initializing Servlet ''
2025-06-13T02:14:27.306+03:00  INFO 28032 --- [RegistrationModule] [           main] o.s.t.web.servlet.TestDispatcherServlet  : Completed initialization in 0 ms
2025-06-13T02:14:27.319+03:00  INFO 28032 --- [RegistrationModule] [           main] c.e.r.c.PetControllerIntegrationTests    : Started PetControllerIntegrationTests in 1.071 seconds (process running for 90.579)
valid credentials
this is the user details test@example.com
2025-06-13T02:14:29.301+03:00  INFO 28032 --- [RegistrationModule] [           main] j.LocalContainerEntityManagerFactoryBean : Closing JPA EntityManagerFactory for persistence unit 'default'
2025-06-13T02:14:29.301+03:00  INFO 28032 --- [RegistrationModule] [           main] com.zaxxer.hikari.HikariDataSource       : HikariPool-24 - Shutdown initiated...
2025-06-13T02:14:29.302+03:00  INFO 28032 --- [RegistrationModule] [           main] com.zaxxer.hikari.HikariDataSource       : HikariPool-24 - Shutdown completed.
]]></system-out>
  </testcase>
  <testcase name="testGetAllPetsByValidUserIdEmpty" classname="com.example.registrationmodule.controller.PetControllerIntegrationTests" time="2.915">
    <system-out><![CDATA[2025-06-13T02:14:29.304+03:00  INFO 28032 --- [RegistrationModule] [           main] o.s.b.d.r.RestartApplicationListener     : Restart disabled due to context in which it is running

  .   ____          _            __ _ _
 /\\ / ___'_ __ _ _(_)_ __  __ _ \ \ \ \
( ( )\___ | '_ | '_| | '_ \/ _` | \ \ \ \
 \\/  ___)| |_)| | | | | || (_| |  ) ) ) )
  '  |____| .__|_| |_|_| |_\__, | / / / /
 =========|_|==============|___/=/_/_/_/

 :: Spring Boot ::                (v3.4.3)

2025-06-13T02:14:29.315+03:00  INFO 28032 --- [RegistrationModule] [           main] c.e.r.c.PetControllerIntegrationTests    : Starting PetControllerIntegrationTests using Java 21.0.1 with PID 28032 (started by AliveTube in C:\Users\AliveTube\Documents\Projects CS50\Petzania\PetZania\Back-End\RegistrationModule)
2025-06-13T02:14:29.315+03:00  INFO 28032 --- [RegistrationModule] [           main] c.e.r.c.PetControllerIntegrationTests    : No active profile set, falling back to 1 default profile: "default"
2025-06-13T02:14:29.464+03:00  INFO 28032 --- [RegistrationModule] [           main] .s.d.r.c.RepositoryConfigurationDelegate : Multiple Spring Data modules found, entering strict repository configuration mode
2025-06-13T02:14:29.465+03:00  INFO 28032 --- [RegistrationModule] [           main] .s.d.r.c.RepositoryConfigurationDelegate : Bootstrapping Spring Data JPA repositories in DEFAULT mode.
2025-06-13T02:14:29.479+03:00  INFO 28032 --- [RegistrationModule] [           main] .s.d.r.c.RepositoryConfigurationDelegate : Finished Spring Data repository scanning in 14 ms. Found 5 JPA repository interfaces.
2025-06-13T02:14:29.481+03:00  INFO 28032 --- [RegistrationModule] [           main] .s.d.r.c.RepositoryConfigurationDelegate : Multiple Spring Data modules found, entering strict repository configuration mode
2025-06-13T02:14:29.481+03:00  INFO 28032 --- [RegistrationModule] [           main] .s.d.r.c.RepositoryConfigurationDelegate : Bootstrapping Spring Data Redis repositories in DEFAULT mode.
2025-06-13T02:14:29.485+03:00  INFO 28032 --- [RegistrationModule] [           main] .RepositoryConfigurationExtensionSupport : Spring Data Redis - Could not safely identify store assignment for repository candidate interface com.example.registrationmodule.repository.AdminRepository; If you want this repository to be a Redis repository, consider annotating your entities with one of these annotations: org.springframework.data.redis.core.RedisHash (preferred), or consider extending one of the following types with your repository: org.springframework.data.keyvalue.repository.KeyValueRepository
2025-06-13T02:14:29.485+03:00  INFO 28032 --- [RegistrationModule] [           main] .RepositoryConfigurationExtensionSupport : Spring Data Redis - Could not safely identify store assignment for repository candidate interface com.example.registrationmodule.repository.MediaRepository; If you want this repository to be a Redis repository, consider annotating your entities with one of these annotations: org.springframework.data.redis.core.RedisHash (preferred), or consider extending one of the following types with your repository: org.springframework.data.keyvalue.repository.KeyValueRepository
2025-06-13T02:14:29.485+03:00  INFO 28032 --- [RegistrationModule] [           main] .RepositoryConfigurationExtensionSupport : Spring Data Redis - Could not safely identify store assignment for repository candidate interface com.example.registrationmodule.repository.PetRepository; If you want this repository to be a Redis repository, consider annotating your entities with one of these annotations: org.springframework.data.redis.core.RedisHash (preferred), or consider extending one of the following types with your repository: org.springframework.data.keyvalue.repository.KeyValueRepository
2025-06-13T02:14:29.485+03:00  INFO 28032 --- [RegistrationModule] [           main] .RepositoryConfigurationExtensionSupport : Spring Data Redis - Could not safely identify store assignment for repository candidate interface com.example.registrationmodule.repository.RevokedRefreshTokenRepository; If you want this repository to be a Redis repository, consider annotating your entities with one of these annotations: org.springframework.data.redis.core.RedisHash (preferred), or consider extending one of the following types with your repository: org.springframework.data.keyvalue.repository.KeyValueRepository
2025-06-13T02:14:29.485+03:00  INFO 28032 --- [RegistrationModule] [           main] .RepositoryConfigurationExtensionSupport : Spring Data Redis - Could not safely identify store assignment for repository candidate interface com.example.registrationmodule.repository.UserRepository; If you want this repository to be a Redis repository, consider annotating your entities with one of these annotations: org.springframework.data.redis.core.RedisHash (preferred), or consider extending one of the following types with your repository: org.springframework.data.keyvalue.repository.KeyValueRepository
2025-06-13T02:14:29.485+03:00  INFO 28032 --- [RegistrationModule] [           main] .s.d.r.c.RepositoryConfigurationDelegate : Finished Spring Data repository scanning in 3 ms. Found 0 Redis repository interfaces.
2025-06-13T02:14:29.556+03:00  INFO 28032 --- [RegistrationModule] [           main] o.hibernate.jpa.internal.util.LogHelper  : HHH000204: Processing PersistenceUnitInfo [name: default]
2025-06-13T02:14:29.558+03:00  INFO 28032 --- [RegistrationModule] [           main] o.h.c.internal.RegionFactoryInitiator    : HHH000026: Second-level cache disabled
2025-06-13T02:14:29.563+03:00  INFO 28032 --- [RegistrationModule] [           main] o.s.o.j.p.SpringPersistenceUnitInfo      : No LoadTimeWeaver setup: ignoring JPA class transformer
2025-06-13T02:14:29.564+03:00  INFO 28032 --- [RegistrationModule] [           main] com.zaxxer.hikari.HikariDataSource       : HikariPool-25 - Starting...
2025-06-13T02:14:29.564+03:00  INFO 28032 --- [RegistrationModule] [           main] com.zaxxer.hikari.pool.HikariPool        : HikariPool-25 - Added connection conn240: url=jdbc:h2:mem:testdb user=SA
2025-06-13T02:14:29.564+03:00  INFO 28032 --- [RegistrationModule] [           main] com.zaxxer.hikari.HikariDataSource       : HikariPool-25 - Start completed.
2025-06-13T02:14:29.565+03:00  WARN 28032 --- [RegistrationModule] [           main] org.hibernate.orm.deprecation            : HHH90000025: H2Dialect does not need to be specified explicitly using 'hibernate.dialect' (remove the property setting and it will be selected by default)
2025-06-13T02:14:29.565+03:00  INFO 28032 --- [RegistrationModule] [           main] org.hibernate.orm.connections.pooling    : HHH10001005: Database info:
	Database JDBC URL [Connecting through datasource 'HikariDataSource (HikariPool-25)']
	Database driver: undefined/unknown
	Database version: 2.3.232
	Autocommit mode: undefined/unknown
	Isolation level: undefined/unknown
	Minimum pool size: undefined/unknown
	Maximum pool size: undefined/unknown
2025-06-13T02:14:29.598+03:00  INFO 28032 --- [RegistrationModule] [           main] o.h.e.t.j.p.i.JtaPlatformInitiator       : HHH000489: No JTA platform available (set 'hibernate.transaction.jta.platform' to enable JTA platform integration)
2025-06-13T02:14:29.601+03:00  INFO 28032 --- [RegistrationModule] [           main] j.LocalContainerEntityManagerFactoryBean : Initialized JPA EntityManagerFactory for persistence unit 'default'
2025-06-13T02:14:29.743+03:00  INFO 28032 --- [RegistrationModule] [           main] eAuthenticationProviderManagerConfigurer : Global AuthenticationManager configured with AuthenticationProvider bean with name authenticationProvider
2025-06-13T02:14:29.743+03:00  WARN 28032 --- [RegistrationModule] [           main] r$InitializeUserDetailsManagerConfigurer : Global AuthenticationManager configured with an AuthenticationProvider bean. UserDetailsService beans will not be used by Spring Security for automatically configuring username/password login. Consider removing the AuthenticationProvider bean. Alternatively, consider using the UserDetailsService in a manually instantiated DaoAuthenticationProvider. If the current configuration is intentional, to turn off this warning, increase the logging level of 'org.springframework.security.config.annotation.authentication.configuration.InitializeUserDetailsBeanManagerConfigurer' to ERROR
2025-06-13T02:14:29.937+03:00  WARN 28032 --- [RegistrationModule] [           main] JpaBaseConfiguration$JpaWebConfiguration : spring.jpa.open-in-view is enabled by default. Therefore, database queries may be performed during view rendering. Explicitly configure spring.jpa.open-in-view to disable this warning
2025-06-13T02:14:30.372+03:00  INFO 28032 --- [RegistrationModule] [           main] o.s.b.a.h2.H2ConsoleAutoConfiguration    : H2 console available at '/h2-console'. Database available at 'jdbc:h2:mem:testdb'
2025-06-13T02:14:30.442+03:00  INFO 28032 --- [RegistrationModule] [           main] o.s.b.t.m.w.SpringBootMockServletContext : Initializing Spring TestDispatcherServlet ''
2025-06-13T02:14:30.442+03:00  INFO 28032 --- [RegistrationModule] [           main] o.s.t.web.servlet.TestDispatcherServlet  : Initializing Servlet ''
2025-06-13T02:14:30.442+03:00  INFO 28032 --- [RegistrationModule] [           main] o.s.t.web.servlet.TestDispatcherServlet  : Completed initialization in 0 ms
2025-06-13T02:14:30.452+03:00  INFO 28032 --- [RegistrationModule] [           main] c.e.r.c.PetControllerIntegrationTests    : Started PetControllerIntegrationTests in 1.149 seconds (process running for 93.712)
valid credentials
this is the user details test@example.com
2025-06-13T02:14:32.216+03:00  INFO 28032 --- [RegistrationModule] [           main] j.LocalContainerEntityManagerFactoryBean : Closing JPA EntityManagerFactory for persistence unit 'default'
2025-06-13T02:14:32.216+03:00  INFO 28032 --- [RegistrationModule] [           main] com.zaxxer.hikari.HikariDataSource       : HikariPool-25 - Shutdown initiated...
2025-06-13T02:14:32.217+03:00  INFO 28032 --- [RegistrationModule] [           main] com.zaxxer.hikari.HikariDataSource       : HikariPool-25 - Shutdown completed.
]]></system-out>
  </testcase>
  <testcase name="testUpdatePetByInvalidPetId" classname="com.example.registrationmodule.controller.PetControllerIntegrationTests" time="2.88">
    <system-out><![CDATA[2025-06-13T02:14:32.218+03:00  INFO 28032 --- [RegistrationModule] [           main] o.s.b.d.r.RestartApplicationListener     : Restart disabled due to context in which it is running

  .   ____          _            __ _ _
 /\\ / ___'_ __ _ _(_)_ __  __ _ \ \ \ \
( ( )\___ | '_ | '_| | '_ \/ _` | \ \ \ \
 \\/  ___)| |_)| | | | | || (_| |  ) ) ) )
  '  |____| .__|_| |_|_| |_\__, | / / / /
 =========|_|==============|___/=/_/_/_/

 :: Spring Boot ::                (v3.4.3)

2025-06-13T02:14:32.231+03:00  INFO 28032 --- [RegistrationModule] [           main] c.e.r.c.PetControllerIntegrationTests    : Starting PetControllerIntegrationTests using Java 21.0.1 with PID 28032 (started by AliveTube in C:\Users\AliveTube\Documents\Projects CS50\Petzania\PetZania\Back-End\RegistrationModule)
2025-06-13T02:14:32.231+03:00  INFO 28032 --- [RegistrationModule] [           main] c.e.r.c.PetControllerIntegrationTests    : No active profile set, falling back to 1 default profile: "default"
2025-06-13T02:14:32.380+03:00  INFO 28032 --- [RegistrationModule] [           main] .s.d.r.c.RepositoryConfigurationDelegate : Multiple Spring Data modules found, entering strict repository configuration mode
2025-06-13T02:14:32.380+03:00  INFO 28032 --- [RegistrationModule] [           main] .s.d.r.c.RepositoryConfigurationDelegate : Bootstrapping Spring Data JPA repositories in DEFAULT mode.
2025-06-13T02:14:32.396+03:00  INFO 28032 --- [RegistrationModule] [           main] .s.d.r.c.RepositoryConfigurationDelegate : Finished Spring Data repository scanning in 15 ms. Found 5 JPA repository interfaces.
2025-06-13T02:14:32.398+03:00  INFO 28032 --- [RegistrationModule] [           main] .s.d.r.c.RepositoryConfigurationDelegate : Multiple Spring Data modules found, entering strict repository configuration mode
2025-06-13T02:14:32.398+03:00  INFO 28032 --- [RegistrationModule] [           main] .s.d.r.c.RepositoryConfigurationDelegate : Bootstrapping Spring Data Redis repositories in DEFAULT mode.
2025-06-13T02:14:32.402+03:00  INFO 28032 --- [RegistrationModule] [           main] .RepositoryConfigurationExtensionSupport : Spring Data Redis - Could not safely identify store assignment for repository candidate interface com.example.registrationmodule.repository.AdminRepository; If you want this repository to be a Redis repository, consider annotating your entities with one of these annotations: org.springframework.data.redis.core.RedisHash (preferred), or consider extending one of the following types with your repository: org.springframework.data.keyvalue.repository.KeyValueRepository
2025-06-13T02:14:32.403+03:00  INFO 28032 --- [RegistrationModule] [           main] .RepositoryConfigurationExtensionSupport : Spring Data Redis - Could not safely identify store assignment for repository candidate interface com.example.registrationmodule.repository.MediaRepository; If you want this repository to be a Redis repository, consider annotating your entities with one of these annotations: org.springframework.data.redis.core.RedisHash (preferred), or consider extending one of the following types with your repository: org.springframework.data.keyvalue.repository.KeyValueRepository
2025-06-13T02:14:32.403+03:00  INFO 28032 --- [RegistrationModule] [           main] .RepositoryConfigurationExtensionSupport : Spring Data Redis - Could not safely identify store assignment for repository candidate interface com.example.registrationmodule.repository.PetRepository; If you want this repository to be a Redis repository, consider annotating your entities with one of these annotations: org.springframework.data.redis.core.RedisHash (preferred), or consider extending one of the following types with your repository: org.springframework.data.keyvalue.repository.KeyValueRepository
2025-06-13T02:14:32.403+03:00  INFO 28032 --- [RegistrationModule] [           main] .RepositoryConfigurationExtensionSupport : Spring Data Redis - Could not safely identify store assignment for repository candidate interface com.example.registrationmodule.repository.RevokedRefreshTokenRepository; If you want this repository to be a Redis repository, consider annotating your entities with one of these annotations: org.springframework.data.redis.core.RedisHash (preferred), or consider extending one of the following types with your repository: org.springframework.data.keyvalue.repository.KeyValueRepository
2025-06-13T02:14:32.403+03:00  INFO 28032 --- [RegistrationModule] [           main] .RepositoryConfigurationExtensionSupport : Spring Data Redis - Could not safely identify store assignment for repository candidate interface com.example.registrationmodule.repository.UserRepository; If you want this repository to be a Redis repository, consider annotating your entities with one of these annotations: org.springframework.data.redis.core.RedisHash (preferred), or consider extending one of the following types with your repository: org.springframework.data.keyvalue.repository.KeyValueRepository
2025-06-13T02:14:32.403+03:00  INFO 28032 --- [RegistrationModule] [           main] .s.d.r.c.RepositoryConfigurationDelegate : Finished Spring Data repository scanning in 3 ms. Found 0 Redis repository interfaces.
2025-06-13T02:14:32.467+03:00  INFO 28032 --- [RegistrationModule] [           main] o.hibernate.jpa.internal.util.LogHelper  : HHH000204: Processing PersistenceUnitInfo [name: default]
2025-06-13T02:14:32.469+03:00  INFO 28032 --- [RegistrationModule] [           main] o.h.c.internal.RegionFactoryInitiator    : HHH000026: Second-level cache disabled
2025-06-13T02:14:32.474+03:00  INFO 28032 --- [RegistrationModule] [           main] o.s.o.j.p.SpringPersistenceUnitInfo      : No LoadTimeWeaver setup: ignoring JPA class transformer
2025-06-13T02:14:32.474+03:00  INFO 28032 --- [RegistrationModule] [           main] com.zaxxer.hikari.HikariDataSource       : HikariPool-26 - Starting...
[...]
2025-06-13T02:14:46.842+03:00  INFO 28032 --- [RegistrationModule] [           main] c.e.r.c.PetControllerIntegrationTests    : No active profile set, falling back to 1 default profile: "default"
2025-06-13T02:14:46.979+03:00  INFO 28032 --- [RegistrationModule] [           main] .s.d.r.c.RepositoryConfigurationDelegate : Multiple Spring Data modules found, entering strict repository configuration mode
2025-06-13T02:14:46.979+03:00  INFO 28032 --- [RegistrationModule] [           main] .s.d.r.c.RepositoryConfigurationDelegate : Bootstrapping Spring Data JPA repositories in DEFAULT mode.
2025-06-13T02:14:46.992+03:00  INFO 28032 --- [RegistrationModule] [           main] .s.d.r.c.RepositoryConfigurationDelegate : Finished Spring Data repository scanning in 12 ms. Found 5 JPA repository interfaces.
2025-06-13T02:14:46.993+03:00  INFO 28032 --- [RegistrationModule] [           main] .s.d.r.c.RepositoryConfigurationDelegate : Multiple Spring Data modules found, entering strict repository configuration mode
2025-06-13T02:14:46.993+03:00  INFO 28032 --- [RegistrationModule] [           main] .s.d.r.c.RepositoryConfigurationDelegate : Bootstrapping Spring Data Redis repositories in DEFAULT mode.
2025-06-13T02:14:46.997+03:00  INFO 28032 --- [RegistrationModule] [           main] .RepositoryConfigurationExtensionSupport : Spring Data Redis - Could not safely identify store assignment for repository candidate interface com.example.registrationmodule.repository.AdminRepository; If you want this repository to be a Redis repository, consider annotating your entities with one of these annotations: org.springframework.data.redis.core.RedisHash (preferred), or consider extending one of the following types with your repository: org.springframework.data.keyvalue.repository.KeyValueRepository
2025-06-13T02:14:46.997+03:00  INFO 28032 --- [RegistrationModule] [           main] .RepositoryConfigurationExtensionSupport : Spring Data Redis - Could not safely identify store assignment for repository candidate interface com.example.registrationmodule.repository.MediaRepository; If you want this repository to be a Redis repository, consider annotating your entities with one of these annotations: org.springframework.data.redis.core.RedisHash (preferred), or consider extending one of the following types with your repository: org.springframework.data.keyvalue.repository.KeyValueRepository
2025-06-13T02:14:46.997+03:00  INFO 28032 --- [RegistrationModule] [           main] .RepositoryConfigurationExtensionSupport : Spring Data Redis - Could not safely identify store assignment for repository candidate interface com.example.registrationmodule.repository.PetRepository; If you want this repository to be a Redis repository, consider annotating your entities with one of these annotations: org.springframework.data.redis.core.RedisHash (preferred), or consider extending one of the following types with your repository: org.springframework.data.keyvalue.repository.KeyValueRepository
2025-06-13T02:14:46.997+03:00  INFO 28032 --- [RegistrationModule] [           main] .RepositoryConfigurationExtensionSupport : Spring Data Redis - Could not safely identify store assignment for repository candidate interface com.example.registrationmodule.repository.RevokedRefreshTokenRepository; If you want this repository to be a Redis repository, consider annotating your entities with one of these annotations: org.springframework.data.redis.core.RedisHash (preferred), or consider extending one of the following types with your repository: org.springframework.data.keyvalue.repository.KeyValueRepository
2025-06-13T02:14:46.997+03:00  INFO 28032 --- [RegistrationModule] [           main] .RepositoryConfigurationExtensionSupport : Spring Data Redis - Could not safely identify store assignment for repository candidate interface com.example.registrationmodule.repository.UserRepository; If you want this repository to be a Redis repository, consider annotating your entities with one of these annotations: org.springframework.data.redis.core.RedisHash (preferred), or consider extending one of the following types with your repository: org.springframework.data.keyvalue.repository.KeyValueRepository
2025-06-13T02:14:46.997+03:00  INFO 28032 --- [RegistrationModule] [           main] .s.d.r.c.RepositoryConfigurationDelegate : Finished Spring Data repository scanning in 3 ms. Found 0 Redis repository interfaces.
2025-06-13T02:14:47.072+03:00  INFO 28032 --- [RegistrationModule] [           main] o.hibernate.jpa.internal.util.LogHelper  : HHH000204: Processing PersistenceUnitInfo [name: default]
2025-06-13T02:14:47.074+03:00  INFO 28032 --- [RegistrationModule] [           main] o.h.c.internal.RegionFactoryInitiator    : HHH000026: Second-level cache disabled
2025-06-13T02:14:47.079+03:00  INFO 28032 --- [RegistrationModule] [           main] o.s.o.j.p.SpringPersistenceUnitInfo      : No LoadTimeWeaver setup: ignoring JPA class transformer
2025-06-13T02:14:47.080+03:00  INFO 28032 --- [RegistrationModule] [           main] com.zaxxer.hikari.HikariDataSource       : HikariPool-31 - Starting...
2025-06-13T02:14:47.081+03:00  INFO 28032 --- [RegistrationModule] [           main] com.zaxxer.hikari.pool.HikariPool        : HikariPool-31 - Added connection conn300: url=jdbc:h2:mem:testdb user=SA
2025-06-13T02:14:47.081+03:00  INFO 28032 --- [RegistrationModule] [           main] com.zaxxer.hikari.HikariDataSource       : HikariPool-31 - Start completed.
2025-06-13T02:14:47.081+03:00  WARN 28032 --- [RegistrationModule] [           main] org.hibernate.orm.deprecation            : HHH90000025: H2Dialect does not need to be specified explicitly using 'hibernate.dialect' (remove the property setting and it will be selected by default)
2025-06-13T02:14:47.081+03:00  INFO 28032 --- [RegistrationModule] [           main] org.hibernate.orm.connections.pooling    : HHH10001005: Database info:
	Database JDBC URL [Connecting through datasource 'HikariDataSource (HikariPool-31)']
	Database driver: undefined/unknown
	Database version: 2.3.232
	Autocommit mode: undefined/unknown
	Isolation level: undefined/unknown
	Minimum pool size: undefined/unknown
	Maximum pool size: undefined/unknown
2025-06-13T02:14:47.112+03:00  INFO 28032 --- [RegistrationModule] [           main] o.h.e.t.j.p.i.JtaPlatformInitiator       : HHH000489: No JTA platform available (set 'hibernate.transaction.jta.platform' to enable JTA platform integration)
2025-06-13T02:14:47.116+03:00  INFO 28032 --- [RegistrationModule] [           main] j.LocalContainerEntityManagerFactoryBean : Initialized JPA EntityManagerFactory for persistence unit 'default'
2025-06-13T02:14:47.220+03:00  INFO 28032 --- [RegistrationModule] [           main] eAuthenticationProviderManagerConfigurer : Global AuthenticationManager configured with AuthenticationProvider bean with name authenticationProvider
2025-06-13T02:14:47.220+03:00  WARN 28032 --- [RegistrationModule] [           main] r$InitializeUserDetailsManagerConfigurer : Global AuthenticationManager configured with an AuthenticationProvider bean. UserDetailsService beans will not be used by Spring Security for automatically configuring username/password login. Consider removing the AuthenticationProvider bean. Alternatively, consider using the UserDetailsService in a manually instantiated DaoAuthenticationProvider. If the current configuration is intentional, to turn off this warning, increase the logging level of 'org.springframework.security.config.annotation.authentication.configuration.InitializeUserDetailsBeanManagerConfigurer' to ERROR
2025-06-13T02:14:47.416+03:00  WARN 28032 --- [RegistrationModule] [           main] JpaBaseConfiguration$JpaWebConfiguration : spring.jpa.open-in-view is enabled by default. Therefore, database queries may be performed during view rendering. Explicitly configure spring.jpa.open-in-view to disable this warning
2025-06-13T02:14:47.854+03:00  INFO 28032 --- [RegistrationModule] [           main] o.s.b.a.h2.H2ConsoleAutoConfiguration    : H2 console available at '/h2-console'. Database available at 'jdbc:h2:mem:testdb'
2025-06-13T02:14:47.906+03:00  INFO 28032 --- [RegistrationModule] [           main] o.s.b.t.m.w.SpringBootMockServletContext : Initializing Spring TestDispatcherServlet ''
2025-06-13T02:14:47.906+03:00  INFO 28032 --- [RegistrationModule] [           main] o.s.t.web.servlet.TestDispatcherServlet  : Initializing Servlet ''
2025-06-13T02:14:47.906+03:00  INFO 28032 --- [RegistrationModule] [           main] o.s.t.web.servlet.TestDispatcherServlet  : Completed initialization in 0 ms
2025-06-13T02:14:47.916+03:00  INFO 28032 --- [RegistrationModule] [           main] c.e.r.c.PetControllerIntegrationTests    : Started PetControllerIntegrationTests in 1.084 seconds (process running for 111.176)
valid credentials
2025-06-13T02:14:49.694+03:00  INFO 28032 --- [RegistrationModule] [           main] j.LocalContainerEntityManagerFactoryBean : Closing JPA EntityManagerFactory for persistence unit 'default'
2025-06-13T02:14:49.694+03:00  INFO 28032 --- [RegistrationModule] [           main] com.zaxxer.hikari.HikariDataSource       : HikariPool-31 - Shutdown initiated...
2025-06-13T02:14:49.694+03:00  INFO 28032 --- [RegistrationModule] [           main] com.zaxxer.hikari.HikariDataSource       : HikariPool-31 - Shutdown completed.
]]></system-out>
  </testcase>
  <testcase name="testGePetByIdNotFound" classname="com.example.registrationmodule.controller.PetControllerIntegrationTests" time="2.829">
    <system-out><![CDATA[2025-06-13T02:14:49.696+03:00  INFO 28032 --- [RegistrationModule] [           main] o.s.b.d.r.RestartApplicationListener     : Restart disabled due to context in which it is running

  .   ____          _            __ _ _
 /\\ / ___'_ __ _ _(_)_ __  __ _ \ \ \ \
( ( )\___ | '_ | '_| | '_ \/ _` | \ \ \ \
 \\/  ___)| |_)| | | | | || (_| |  ) ) ) )
  '  |____| .__|_| |_|_| |_\__, | / / / /
 =========|_|==============|___/=/_/_/_/

 :: Spring Boot ::                (v3.4.3)

2025-06-13T02:14:49.707+03:00  INFO 28032 --- [RegistrationModule] [           main] c.e.r.c.PetControllerIntegrationTests    : Starting PetControllerIntegrationTests using Java 21.0.1 with PID 28032 (started by AliveTube in C:\Users\AliveTube\Documents\Projects CS50\Petzania\PetZania\Back-End\RegistrationModule)
2025-06-13T02:14:49.707+03:00  INFO 28032 --- [RegistrationModule] [           main] c.e.r.c.PetControllerIntegrationTests    : No active profile set, falling back to 1 default profile: "default"
2025-06-13T02:14:49.840+03:00  INFO 28032 --- [RegistrationModule] [           main] .s.d.r.c.RepositoryConfigurationDelegate : Multiple Spring Data modules found, entering strict repository configuration mode
2025-06-13T02:14:49.841+03:00  INFO 28032 --- [RegistrationModule] [           main] .s.d.r.c.RepositoryConfigurationDelegate : Bootstrapping Spring Data JPA repositories in DEFAULT mode.
2025-06-13T02:14:49.853+03:00  INFO 28032 --- [RegistrationModule] [           main] .s.d.r.c.RepositoryConfigurationDelegate : Finished Spring Data repository scanning in 11 ms. Found 5 JPA repository interfaces.
2025-06-13T02:14:49.854+03:00  INFO 28032 --- [RegistrationModule] [           main] .s.d.r.c.RepositoryConfigurationDelegate : Multiple Spring Data modules found, entering strict repository configuration mode
2025-06-13T02:14:49.854+03:00  INFO 28032 --- [RegistrationModule] [           main] .s.d.r.c.RepositoryConfigurationDelegate : Bootstrapping Spring Data Redis repositories in DEFAULT mode.
2025-06-13T02:14:49.857+03:00  INFO 28032 --- [RegistrationModule] [           main] .RepositoryConfigurationExtensionSupport : Spring Data Redis - Could not safely identify store assignment for repository candidate interface com.example.registrationmodule.repository.AdminRepository; If you want this repository to be a Redis repository, consider annotating your entities with one of these annotations: org.springframework.data.redis.core.RedisHash (preferred), or consider extending one of the following types with your repository: org.springframework.data.keyvalue.repository.KeyValueRepository
2025-06-13T02:14:49.858+03:00  INFO 28032 --- [RegistrationModule] [           main] .RepositoryConfigurationExtensionSupport : Spring Data Redis - Could not safely identify store assignment for repository candidate interface com.example.registrationmodule.repository.MediaRepository; If you want this repository to be a Redis repository, consider annotating your entities with one of these annotations: org.springframework.data.redis.core.RedisHash (preferred), or consider extending one of the following types with your repository: org.springframework.data.keyvalue.repository.KeyValueRepository
2025-06-13T02:14:49.858+03:00  INFO 28032 --- [RegistrationModule] [           main] .RepositoryConfigurationExtensionSupport : Spring Data Redis - Could not safely identify store assignment for repository candidate interface com.example.registrationmodule.repository.PetRepository; If you want this repository to be a Redis repository, consider annotating your entities with one of these annotations: org.springframework.data.redis.core.RedisHash (preferred), or consider extending one of the following types with your repository: org.springframework.data.keyvalue.repository.KeyValueRepository
2025-06-13T02:14:49.858+03:00  INFO 28032 --- [RegistrationModule] [           main] .RepositoryConfigurationExtensionSupport : Spring Data Redis - Could not safely identify store assignment for repository candidate interface com.example.registrationmodule.repository.RevokedRefreshTokenRepository; If you want this repository to be a Redis repository, consider annotating your entities with one of these annotations: org.springframework.data.redis.core.RedisHash (preferred), or consider extending one of the following types with your repository: org.springframework.data.keyvalue.repository.KeyValueRepository
2025-06-13T02:14:49.858+03:00  INFO 28032 --- [RegistrationModule] [           main] .RepositoryConfigurationExtensionSupport : Spring Data Redis - Could not safely identify store assignment for repository candidate interface com.example.registrationmodule.repository.UserRepository; If you want this repository to be a Redis repository, consider annotating your entities with one of these annotations: org.springframework.data.redis.core.RedisHash (preferred), or consider extending one of the following types with your repository: org.springframework.data.keyvalue.repository.KeyValueRepository
2025-06-13T02:14:49.858+03:00  INFO 28032 --- [RegistrationModule] [           main] .s.d.r.c.RepositoryConfigurationDelegate : Finished Spring Data repository scanning in 3 ms. Found 0 Redis repository interfaces.
2025-06-13T02:14:49.923+03:00  INFO 28032 --- [RegistrationModule] [           main] o.hibernate.jpa.internal.util.LogHelper  : HHH000204: Processing PersistenceUnitInfo [name: default]
2025-06-13T02:14:49.924+03:00  INFO 28032 --- [RegistrationModule] [           main] o.h.c.internal.RegionFactoryInitiator    : HHH000026: Second-level cache disabled
2025-06-13T02:14:49.929+03:00  INFO 28032 --- [RegistrationModule] [           main] o.s.o.j.p.SpringPersistenceUnitInfo      : No LoadTimeWeaver setup: ignoring JPA class transformer
2025-06-13T02:14:49.929+03:00  INFO 28032 --- [RegistrationModule] [           main] com.zaxxer.hikari.HikariDataSource       : HikariPool-32 - Starting...
2025-06-13T02:14:49.930+03:00  INFO 28032 --- [RegistrationModule] [           main] com.zaxxer.hikari.pool.HikariPool        : HikariPool-32 - Added connection conn310: url=jdbc:h2:mem:testdb user=SA
2025-06-13T02:14:49.930+03:00  INFO 28032 --- [RegistrationModule] [           main] com.zaxxer.hikari.HikariDataSource       : HikariPool-32 - Start completed.
2025-06-13T02:14:49.931+03:00  WARN 28032 --- [RegistrationModule] [           main] org.hibernate.orm.deprecation            : HHH90000025: H2Dialect does not need to be specified explicitly using 'hibernate.dialect' (remove the property setting and it will be selected by default)
2025-06-13T02:14:49.931+03:00  INFO 28032 --- [RegistrationModule] [           main] org.hibernate.orm.connections.pooling    : HHH10001005: Database info:
	Database JDBC URL [Connecting through datasource 'HikariDataSource (HikariPool-32)']
	Database driver: undefined/unknown
	Database version: 2.3.232
	Autocommit mode: undefined/unknown
	Isolation level: undefined/unknown
	Minimum pool size: undefined/unknown
	Maximum pool size: undefined/unknown
2025-06-13T02:14:49.962+03:00  INFO 28032 --- [RegistrationModule] [           main] o.h.e.t.j.p.i.JtaPlatformInitiator       : HHH000489: No JTA platform available (set 'hibernate.transaction.jta.platform' to enable JTA platform integration)
2025-06-13T02:14:49.965+03:00  INFO 28032 --- [RegistrationModule] [           main] j.LocalContainerEntityManagerFactoryBean : Initialized JPA EntityManagerFactory for persistence unit 'default'
2025-06-13T02:14:50.073+03:00  INFO 28032 --- [RegistrationModule] [           main] eAuthenticationProviderManagerConfigurer : Global AuthenticationManager configured with AuthenticationProvider bean with name authenticationProvider
2025-06-13T02:14:50.074+03:00  WARN 28032 --- [RegistrationModule] [           main] r$InitializeUserDetailsManagerConfigurer : Global AuthenticationManager configured with an AuthenticationProvider bean. UserDetailsService beans will not be used by Spring Security for automatically configuring username/password login. Consider removing the AuthenticationProvider bean. Alternatively, consider using the UserDetailsService in a manually instantiated DaoAuthenticationProvider. If the current configuration is intentional, to turn off this warning, increase the logging level of 'org.springframework.security.config.annotation.authentication.configuration.InitializeUserDetailsBeanManagerConfigurer' to ERROR
2025-06-13T02:14:50.258+03:00  WARN 28032 --- [RegistrationModule] [           main] JpaBaseConfiguration$JpaWebConfiguration : spring.jpa.open-in-view is enabled by default. Therefore, database queries may be performed during view rendering. Explicitly configure spring.jpa.open-in-view to disable this warning
2025-06-13T02:14:50.684+03:00  INFO 28032 --- [RegistrationModule] [           main] o.s.b.a.h2.H2ConsoleAutoConfiguration    : H2 console available at '/h2-console'. Database available at 'jdbc:h2:mem:testdb'
2025-06-13T02:14:50.734+03:00  INFO 28032 --- [RegistrationModule] [           main] o.s.b.t.m.w.SpringBootMockServletContext : Initializing Spring TestDispatcherServlet ''
2025-06-13T02:14:50.734+03:00  INFO 28032 --- [RegistrationModule] [           main] o.s.t.web.servlet.TestDispatcherServlet  : Initializing Servlet ''
2025-06-13T02:14:50.734+03:00  INFO 28032 --- [RegistrationModule] [           main] o.s.t.web.servlet.TestDispatcherServlet  : Completed initialization in 0 ms
2025-06-13T02:14:50.744+03:00  INFO 28032 --- [RegistrationModule] [           main] c.e.r.c.PetControllerIntegrationTests    : Started PetControllerIntegrationTests in 1.047 seconds (process running for 114.003)
valid credentials
this is the user details test@example.com
2025-06-13T02:14:52.523+03:00  INFO 28032 --- [RegistrationModule] [           main] j.LocalContainerEntityManagerFactoryBean : Closing JPA EntityManagerFactory for persistence unit 'default'
2025-06-13T02:14:52.523+03:00  INFO 28032 --- [RegistrationModule] [           main] com.zaxxer.hikari.HikariDataSource       : HikariPool-32 - Shutdown initiated...
2025-06-13T02:14:52.523+03:00  INFO 28032 --- [RegistrationModule] [           main] com.zaxxer.hikari.HikariDataSource       : HikariPool-32 - Shutdown completed.
]]></system-out>
  </testcase>
</testsuite>